{"numTotalTestSuites":191,"numPassedTestSuites":191,"numFailedTestSuites":0,"numPendingTestSuites":0,"numTotalTests":577,"numPassedTests":577,"numFailedTests":0,"numPendingTests":0,"numTodoTests":0,"snapshot":{"added":0,"failure":false,"filesAdded":0,"filesRemoved":0,"filesRemovedList":[],"filesUnmatched":0,"filesUpdated":0,"matched":0,"total":0,"unchecked":0,"uncheckedKeysByFile":[],"unmatched":0,"updated":0,"didUpdate":false},"startTime":1771713029160,"success":true,"testResults":[{"assertionResults":[{"ancestorTitles":["diArtifactContractV1"],"fullName":"diArtifactContractV1 exports contract version v1","status":"passed","title":"exports contract version v1","duration":1.1939589999999498,"failureMessages":[],"meta":{}},{"ancestorTitles":["diArtifactContractV1"],"fullName":"diArtifactContractV1 accepts minimum valid payload: 'forecast_series'","status":"passed","title":"accepts minimum valid payload: 'forecast_series'","duration":0.9270420000000286,"failureMessages":[],"meta":{}},{"ancestorTitles":["diArtifactContractV1"],"fullName":"diArtifactContractV1 accepts minimum valid payload: 'metrics'","status":"passed","title":"accepts minimum valid payload: 'metrics'","duration":0.23383300000000418,"failureMessages":[],"meta":{}},{"ancestorTitles":["diArtifactContractV1"],"fullName":"diArtifactContractV1 accepts minimum valid payload: 'report_json (forecast)'","status":"passed","title":"accepts minimum valid payload: 'report_json (forecast)'","duration":0.19087500000000546,"failureMessages":[],"meta":{}},{"ancestorTitles":["diArtifactContractV1"],"fullName":"diArtifactContractV1 accepts minimum valid payload: 'report_json (plan)'","status":"passed","title":"accepts minimum valid payload: 'report_json (plan)'","duration":0.18754200000012133,"failureMessages":[],"meta":{}},{"ancestorTitles":["diArtifactContractV1"],"fullName":"diArtifactContractV1 accepts minimum valid payload: 'forecast_csv'","status":"passed","title":"accepts minimum valid payload: 'forecast_csv'","duration":0.14533399999982066,"failureMessages":[],"meta":{}},{"ancestorTitles":["diArtifactContractV1"],"fullName":"diArtifactContractV1 accepts minimum valid payload: 'solver_meta'","status":"passed","title":"accepts minimum valid payload: 'solver_meta'","duration":0.16858400000000984,"failureMessages":[],"meta":{}},{"ancestorTitles":["diArtifactContractV1"],"fullName":"diArtifactContractV1 accepts minimum valid payload: 'constraint_check'","status":"passed","title":"accepts minimum valid payload: 'constraint_check'","duration":0.2114169999999831,"failureMessages":[],"meta":{}},{"ancestorTitles":["diArtifactContractV1"],"fullName":"diArtifactContractV1 accepts minimum valid payload: 'plan_table'","status":"passed","title":"accepts minimum valid payload: 'plan_table'","duration":0.2542919999998503,"failureMessages":[],"meta":{}},{"ancestorTitles":["diArtifactContractV1"],"fullName":"diArtifactContractV1 accepts minimum valid payload: 'replay_metrics'","status":"passed","title":"accepts minimum valid payload: 'replay_metrics'","duration":0.25512499999990723,"failureMessages":[],"meta":{}},{"ancestorTitles":["diArtifactContractV1"],"fullName":"diArtifactContractV1 accepts minimum valid payload: 'inventory_projection'","status":"passed","title":"accepts minimum valid payload: 'inventory_projection'","duration":0.20958300000006602,"failureMessages":[],"meta":{}},{"ancestorTitles":["diArtifactContractV1"],"fullName":"diArtifactContractV1 accepts minimum valid payload: 'evidence_pack'","status":"passed","title":"accepts minimum valid payload: 'evidence_pack'","duration":0.17220900000006623,"failureMessages":[],"meta":{}},{"ancestorTitles":["diArtifactContractV1"],"fullName":"diArtifactContractV1 accepts minimum valid payload: 'plan_csv'","status":"passed","title":"accepts minimum valid payload: 'plan_csv'","duration":0.08716699999990851,"failureMessages":[],"meta":{}},{"ancestorTitles":["diArtifactContractV1"],"fullName":"diArtifactContractV1 allows unknown artifact types as pass-through","status":"passed","title":"allows unknown artifact types as pass-through","duration":0.09683300000006057,"failureMessages":[],"meta":{}},{"ancestorTitles":["diArtifactContractV1"],"fullName":"diArtifactContractV1 throws actionable error for missing required fields","status":"passed","title":"throws actionable error for missing required fields","duration":1.2611249999999927,"failureMessages":[],"meta":{}},{"ancestorTitles":["diArtifactContractV1"],"fullName":"diArtifactContractV1 throws type error when required fields have wrong type","status":"passed","title":"throws type error when required fields have wrong type","duration":0.5670840000000226,"failureMessages":[],"meta":{}},{"ancestorTitles":["diArtifactContractV1"],"fullName":"diArtifactContractV1 enforces plan report fields when report_json is used for planning output","status":"passed","title":"enforces plan report fields when report_json is used for planning output","duration":0.30483300000014424,"failureMessages":[],"meta":{}}],"startTime":1771713030025,"endTime":1771713030032.305,"status":"passed","message":"","name":"/Users/xuweijin/Decision-Intelligence-/src/contracts/diArtifactContractV1.test.js"},{"assertionResults":[{"ancestorTitles":["riskScoring"],"fullName":"riskScoring is deterministic for same inputs","status":"passed","title":"is deterministic for same inputs","duration":2.1032500000001164,"failureMessages":[],"meta":{}},{"ancestorTitles":["riskScoring"],"fullName":"riskScoring builds actionable exceptions from risk scores","status":"passed","title":"builds actionable exceptions from risk scores","duration":0.46687500000007276,"failureMessages":[],"meta":{}}],"startTime":1771713030127,"endTime":1771713030130.4668,"status":"passed","message":"","name":"/Users/xuweijin/Decision-Intelligence-/src/risk/riskScoring.test.js"},{"assertionResults":[{"ancestorTitles":["multiEchelonBomService"],"fullName":"multiEchelonBomService resolves BOM mode from explicit config","status":"passed","title":"resolves BOM mode from explicit config","duration":1.0273339999999962,"failureMessages":[],"meta":{}},{"ancestorTitles":["multiEchelonBomService"],"fullName":"multiEchelonBomService explodes BOM deterministically and reuses cache","status":"passed","title":"explodes BOM deterministically and reuses cache","duration":1.6439579999999978,"failureMessages":[],"meta":{}}],"startTime":1771713029808,"endTime":1771713029810.644,"status":"passed","message":"","name":"/Users/xuweijin/Decision-Intelligence-/src/services/multiEchelonBomService.test.js"},{"assertionResults":[{"ancestorTitles":["optimizationApiClient multi-echelon local fallback"],"fullName":"optimizationApiClient multi-echelon local fallback has no bottleneck when components are sufficient","status":"passed","title":"has no bottleneck when components are sufficient","duration":5.098459000000048,"failureMessages":[],"meta":{}},{"ancestorTitles":["optimizationApiClient multi-echelon local fallback"],"fullName":"optimizationApiClient multi-echelon local fallback applies MOQ/pack to component plan and can overbuy","status":"passed","title":"applies MOQ/pack to component plan and can overbuy","duration":0.8808330000000524,"failureMessages":[],"meta":{}},{"ancestorTitles":["optimizationApiClient multi-echelon local fallback"],"fullName":"optimizationApiClient multi-echelon local fallback reports bottleneck when component lead time is too long","status":"passed","title":"reports bottleneck when component lead time is too long","duration":0.3402920000000904,"failureMessages":[],"meta":{}},{"ancestorTitles":["optimizationApiClient multi-echelon local fallback"],"fullName":"optimizationApiClient multi-echelon local fallback is deterministic for repeated runs","status":"passed","title":"is deterministic for repeated runs","duration":0.9743750000000091,"failureMessages":[],"meta":{}}],"startTime":1771713029694,"endTime":1771713029700.9744,"status":"passed","message":"","name":"/Users/xuweijin/Decision-Intelligence-/src/services/optimizationApiClient.multiEchelon.test.js"},{"assertionResults":[{"ancestorTitles":["generateAlerts"],"fullName":"generateAlerts should generate expedite alert for high P(stockout)","status":"passed","title":"should generate expedite alert for high P(stockout)","duration":0.8591249999999491,"failureMessages":[],"meta":{}},{"ancestorTitles":["generateAlerts"],"fullName":"generateAlerts should generate dual_source_rec for critical risk scores","status":"passed","title":"should generate dual_source_rec for critical risk scores","duration":0.13737500000002,"failureMessages":[],"meta":{}},{"ancestorTitles":["generateAlerts"],"fullName":"generateAlerts should generate supplier_delay for high risk scores below critical","status":"passed","title":"should generate supplier_delay for high risk scores below critical","duration":0.12358399999993708,"failureMessages":[],"meta":{}},{"ancestorTitles":["generateAlerts"],"fullName":"generateAlerts should NOT include non-supplier_material entity types","status":"passed","title":"should NOT include non-supplier_material entity types","duration":0.40579200000001947,"failureMessages":[],"meta":{}},{"ancestorTitles":["generateAlerts"],"fullName":"generateAlerts should sort by impact_score descending","status":"passed","title":"should sort by impact_score descending","duration":0.12245899999993526,"failureMessages":[],"meta":{}},{"ancestorTitles":["generateAlerts"],"fullName":"generateAlerts should respect max_alerts_per_run","status":"passed","title":"should respect max_alerts_per_run","duration":0.08474999999998545,"failureMessages":[],"meta":{}},{"ancestorTitles":["generateAlerts"],"fullName":"generateAlerts should return summary with counts","status":"passed","title":"should return summary with counts","duration":0.09683300000006057,"failureMessages":[],"meta":{}},{"ancestorTitles":["generateAlerts"],"fullName":"generateAlerts should return empty alerts for empty input","status":"passed","title":"should return empty alerts for empty input","duration":0.10562499999991815,"failureMessages":[],"meta":{}},{"ancestorTitles":["generateAlerts"],"fullName":"generateAlerts should return empty alerts for undefined input","status":"passed","title":"should return empty alerts for undefined input","duration":0.0968750000001819,"failureMessages":[],"meta":{}},{"ancestorTitles":["generateAlerts"],"fullName":"generateAlerts should include evidence_refs on each alert","status":"passed","title":"should include evidence_refs on each alert","duration":0.1460420000000795,"failureMessages":[],"meta":{}},{"ancestorTitles":["generateAlerts"],"fullName":"generateAlerts should include recommended_actions on each alert","status":"passed","title":"should include recommended_actions on each alert","duration":0.11062500000002728,"failureMessages":[],"meta":{}},{"ancestorTitles":["generateAlerts"],"fullName":"generateAlerts should skip stockout alerts below min_impact_usd","status":"passed","title":"should skip stockout alerts below min_impact_usd","duration":0.09816700000010314,"failureMessages":[],"meta":{}}],"startTime":1771713030195,"endTime":1771713030198.146,"status":"passed","message":"","name":"/Users/xuweijin/Decision-Intelligence-/src/services/proactiveAlertService.test.js"},{"assertionResults":[{"ancestorTitles":["computeRiskAdjustments"],"fullName":"computeRiskAdjustments T1: produces no rules and no adjustments for low-risk entities","status":"passed","title":"T1: produces no rules and no adjustments for low-risk entities","duration":2.0733340000000453,"failureMessages":[],"meta":{}},{"ancestorTitles":["computeRiskAdjustments"],"fullName":"computeRiskAdjustments T2: extends lead time by ceil(p90_delay_days) when p90 threshold exceeded","status":"passed","title":"T2: extends lead time by ceil(p90_delay_days) when p90 threshold exceeded","duration":0.22625000000005002,"failureMessages":[],"meta":{}},{"ancestorTitles":["computeRiskAdjustments"],"fullName":"computeRiskAdjustments T3: extends lead time via overdue_ratio trigger even when p90_delay_days is low","status":"passed","title":"T3: extends lead time via overdue_ratio trigger even when p90_delay_days is low","duration":0.12104199999998855,"failureMessages":[],"meta":{}},{"ancestorTitles":["computeRiskAdjustments"],"fullName":"computeRiskAdjustments T4: applies stockout penalty multiplier for high risk_score entities","status":"passed","title":"T4: applies stockout penalty multiplier for high risk_score entities","duration":0.13116700000000492,"failureMessages":[],"meta":{}},{"ancestorTitles":["computeRiskAdjustments"],"fullName":"computeRiskAdjustments T5: raises demand_uplift_alpha when impacted SKUs exist","status":"passed","title":"T5: raises demand_uplift_alpha when impacted SKUs exist","duration":0.14949999999998909,"failureMessages":[],"meta":{}},{"ancestorTitles":["computeRiskAdjustments"],"fullName":"computeRiskAdjustments T6: identical inputs produce identical output (deterministic)","status":"passed","title":"T6: identical inputs produce identical output (deterministic)","duration":0.5247499999999263,"failureMessages":[],"meta":{}},{"ancestorTitles":["computeRiskAdjustments"],"fullName":"computeRiskAdjustments T6b: config overrides change thresholds deterministically","status":"passed","title":"T6b: config overrides change thresholds deterministically","duration":0.16950000000008458,"failureMessages":[],"meta":{}},{"ancestorTitles":["applyRiskAdjustmentsToInventory"],"fullName":"applyRiskAdjustmentsToInventory T7: adds lead_time delta to matching inventory rows only","status":"passed","title":"T7: adds lead_time delta to matching inventory rows only","duration":0.1586250000000291,"failureMessages":[],"meta":{}},{"ancestorTitles":["applyRiskAdjustmentsToObjective"],"fullName":"applyRiskAdjustmentsToObjective T8: multiplies stockout_penalty by max multiplier across all impacted SKUs","status":"passed","title":"T8: multiplies stockout_penalty by max multiplier across all impacted SKUs","duration":0.16004099999997834,"failureMessages":[],"meta":{}},{"ancestorTitles":["applyRiskAdjustmentsToObjective"],"fullName":"applyRiskAdjustmentsToObjective T8b: no multipliers → objective unchanged","status":"passed","title":"T8b: no multipliers → objective unchanged","duration":0.07616700000005494,"failureMessages":[],"meta":{}},{"ancestorTitles":["applyDemandUplift"],"fullName":"applyDemandUplift T9a: alpha=0 is a pure no-op (returns same values)","status":"passed","title":"T9a: alpha=0 is a pure no-op (returns same values)","duration":0.06799999999998363,"failureMessages":[],"meta":{}},{"ancestorTitles":["applyDemandUplift"],"fullName":"applyDemandUplift T9b: alpha=0.5 blends p50 and p90 correctly","status":"passed","title":"T9b: alpha=0.5 blends p50 and p90 correctly","duration":0.07141699999999673,"failureMessages":[],"meta":{}},{"ancestorTitles":["applyDemandUplift"],"fullName":"applyDemandUplift T9c: when p90 is null, no uplift is applied","status":"passed","title":"T9c: when p90 is null, no uplift is applied","duration":0.035292000000026746,"failureMessages":[],"meta":{}},{"ancestorTitles":["applyDemandUplift"],"fullName":"applyDemandUplift T9d: when p90 < p50, uplift is zero (no negative uplift)","status":"passed","title":"T9d: when p90 < p50, uplift is zero (no negative uplift)","duration":0.030375000000049113,"failureMessages":[],"meta":{}},{"ancestorTitles":["buildPlanComparison"],"fullName":"buildPlanComparison T10: sorts key_changes by absolute delta descending","status":"passed","title":"T10: sorts key_changes by absolute delta descending","duration":0.3183329999999387,"failureMessages":[],"meta":{}},{"ancestorTitles":["buildPlanComparison"],"fullName":"buildPlanComparison T10b: skus with zero delta are excluded from key_changes","status":"passed","title":"T10b: skus with zero delta are excluded from key_changes","duration":0.06995799999992869,"failureMessages":[],"meta":{}}],"startTime":1771713029652,"endTime":1771713029657.3184,"status":"passed","message":"","name":"/Users/xuweijin/Decision-Intelligence-/src/services/riskAdjustmentsService.test.js"},{"assertionResults":[{"ancestorTitles":["analyzeRiskForReplan"],"fullName":"analyzeRiskForReplan should trigger replan when high-risk SKUs exceed threshold","status":"passed","title":"should trigger replan when high-risk SKUs exceed threshold","duration":1.4727920000000267,"failureMessages":[],"meta":{}},{"ancestorTitles":["analyzeRiskForReplan"],"fullName":"analyzeRiskForReplan should NOT trigger replan for low-risk SKUs","status":"passed","title":"should NOT trigger replan for low-risk SKUs","duration":0.12816700000007586,"failureMessages":[],"meta":{}},{"ancestorTitles":["analyzeRiskForReplan"],"fullName":"analyzeRiskForReplan should NOT trigger replan for empty array","status":"passed","title":"should NOT trigger replan for empty array","duration":0.058583999999996195,"failureMessages":[],"meta":{}},{"ancestorTitles":["analyzeRiskForReplan"],"fullName":"analyzeRiskForReplan should NOT trigger replan for undefined/null","status":"passed","title":"should NOT trigger replan for undefined/null","duration":0.0628750000000764,"failureMessages":[],"meta":{}},{"ancestorTitles":["analyzeRiskForReplan"],"fullName":"analyzeRiskForReplan should support camelCase risk_score field name","status":"passed","title":"should support camelCase risk_score field name","duration":0.07570899999996072,"failureMessages":[],"meta":{}},{"ancestorTitles":["deriveReplanParams"],"fullName":"deriveReplanParams should select max protection for critical SKUs (score > 80)","status":"passed","title":"should select max protection for critical SKUs (score > 80)","duration":0.14766600000007202,"failureMessages":[],"meta":{}},{"ancestorTitles":["deriveReplanParams"],"fullName":"deriveReplanParams should select medium protection for >2 high-risk (non-critical) SKUs","status":"passed","title":"should select medium protection for >2 high-risk (non-critical) SKUs","duration":0.07091700000000856,"failureMessages":[],"meta":{}},{"ancestorTitles":["deriveReplanParams"],"fullName":"deriveReplanParams should select light protection for 1-2 high-risk SKUs","status":"passed","title":"should select light protection for 1-2 high-risk SKUs","duration":0.07345799999995961,"failureMessages":[],"meta":{}},{"ancestorTitles":["estimateReplanBenefit"],"fullName":"estimateReplanBenefit should return numeric estimates","status":"passed","title":"should return numeric estimates","duration":0.37741699999992306,"failureMessages":[],"meta":{}},{"ancestorTitles":["estimateReplanBenefit"],"fullName":"estimateReplanBenefit should handle empty input gracefully","status":"passed","title":"should handle empty input gracefully","duration":0.2758330000000342,"failureMessages":[],"meta":{}},{"ancestorTitles":["buildRiskReplanRecommendationCard"],"fullName":"buildRiskReplanRecommendationCard should produce a valid card payload","status":"passed","title":"should produce a valid card payload","duration":0.31095799999991414,"failureMessages":[],"meta":{}},{"ancestorTitles":["buildRiskReplanRecommendationCard"],"fullName":"buildRiskReplanRecommendationCard should limit high_risk_skus to top 5","status":"passed","title":"should limit high_risk_skus to top 5","duration":0.10604200000000219,"failureMessages":[],"meta":{}},{"ancestorTitles":["evaluateRiskReplanRecommendation"],"fullName":"evaluateRiskReplanRecommendation should produce recommendation for high-risk scores","status":"passed","title":"should produce recommendation for high-risk scores","duration":0.17970900000000256,"failureMessages":[],"meta":{}},{"ancestorTitles":["evaluateRiskReplanRecommendation"],"fullName":"evaluateRiskReplanRecommendation should NOT produce recommendation for low-risk scores","status":"passed","title":"should NOT produce recommendation for low-risk scores","duration":0.044875000000047294,"failureMessages":[],"meta":{}},{"ancestorTitles":["evaluateRiskReplanRecommendation"],"fullName":"evaluateRiskReplanRecommendation should accept planRunId for card payload","status":"passed","title":"should accept planRunId for card payload","duration":0.05337499999995998,"failureMessages":[],"meta":{}},{"ancestorTitles":["evaluateRiskReplanRecommendation"],"fullName":"evaluateRiskReplanRecommendation should include benefit estimates in the result","status":"passed","title":"should include benefit estimates in the result","duration":0.06200000000001182,"failureMessages":[],"meta":{}}],"startTime":1771713029790,"endTime":1771713029794.1797,"status":"passed","message":"","name":"/Users/xuweijin/Decision-Intelligence-/src/services/riskClosedLoopService.test.js"},{"assertionResults":[{"ancestorTitles":["applyScenarioOverridesToPayload: risk_mode"],"fullName":"applyScenarioOverridesToPayload: risk_mode boosts stockout_penalty × 1.5 when risk_mode='on' in overrides","status":"passed","title":"boosts stockout_penalty × 1.5 when risk_mode='on' in overrides","duration":1.310292000000004,"failureMessages":[],"meta":{}},{"ancestorTitles":["applyScenarioOverridesToPayload: risk_mode"],"fullName":"applyScenarioOverridesToPayload: risk_mode boosts stockout_penalty × 1.5 when risk_mode='on' in engine_flags","status":"passed","title":"boosts stockout_penalty × 1.5 when risk_mode='on' in engine_flags","duration":0.1672080000000733,"failureMessages":[],"meta":{}},{"ancestorTitles":["applyScenarioOverridesToPayload: risk_mode"],"fullName":"applyScenarioOverridesToPayload: risk_mode does not boost when risk_mode is 'off'","status":"passed","title":"does not boost when risk_mode is 'off'","duration":0.2093330000000151,"failureMessages":[],"meta":{}},{"ancestorTitles":["applyScenarioOverridesToPayload: risk_mode"],"fullName":"applyScenarioOverridesToPayload: risk_mode does not boost when risk_mode is absent","status":"passed","title":"does not boost when risk_mode is absent","duration":0.14037499999994907,"failureMessages":[],"meta":{}},{"ancestorTitles":["applyScenarioOverridesToPayload: stockout_penalty_multiplier"],"fullName":"applyScenarioOverridesToPayload: stockout_penalty_multiplier applies multiplier to current stockout_penalty","status":"passed","title":"applies multiplier to current stockout_penalty","duration":0.19000000000005457,"failureMessages":[],"meta":{}},{"ancestorTitles":["applyScenarioOverridesToPayload: stockout_penalty_multiplier"],"fullName":"applyScenarioOverridesToPayload: stockout_penalty_multiplier applies multiplier on top of risk_mode boost (compound effect)","status":"passed","title":"applies multiplier on top of risk_mode boost (compound effect)","duration":0.11562500000002274,"failureMessages":[],"meta":{}},{"ancestorTitles":["applyScenarioOverridesToPayload: stockout_penalty_multiplier"],"fullName":"applyScenarioOverridesToPayload: stockout_penalty_multiplier ignores zero or negative multipliers","status":"passed","title":"ignores zero or negative multipliers","duration":0.1600420000000895,"failureMessages":[],"meta":{}},{"ancestorTitles":["applyScenarioOverridesToPayload: stockout_penalty_multiplier"],"fullName":"applyScenarioOverridesToPayload: stockout_penalty_multiplier ignores null stockout_penalty_multiplier","status":"passed","title":"ignores null stockout_penalty_multiplier","duration":0.23099999999999454,"failureMessages":[],"meta":{}},{"ancestorTitles":["applyScenarioOverridesToPayload: holding_cost_multiplier"],"fullName":"applyScenarioOverridesToPayload: holding_cost_multiplier scales holding_cost by multiplier","status":"passed","title":"scales holding_cost by multiplier","duration":0.17437500000005457,"failureMessages":[],"meta":{}},{"ancestorTitles":["applyScenarioOverridesToPayload: holding_cost_multiplier"],"fullName":"applyScenarioOverridesToPayload: holding_cost_multiplier allows zero multiplier (zero holding cost)","status":"passed","title":"allows zero multiplier (zero holding cost)","duration":0.14150000000006457,"failureMessages":[],"meta":{}},{"ancestorTitles":["applyScenarioOverridesToPayload: holding_cost_multiplier"],"fullName":"applyScenarioOverridesToPayload: holding_cost_multiplier ignores null holding_cost_multiplier","status":"passed","title":"ignores null holding_cost_multiplier","duration":0.08816699999999855,"failureMessages":[],"meta":{}},{"ancestorTitles":["applyScenarioOverridesToPayload: safety_stock_alpha"],"fullName":"applyScenarioOverridesToPayload: safety_stock_alpha applies p50_eff = p50 + alpha * max(0, p90 - p50)","status":"passed","title":"applies p50_eff = p50 + alpha * max(0, p90 - p50)","duration":0.20933400000001257,"failureMessages":[],"meta":{}},{"ancestorTitles":["applyScenarioOverridesToPayload: safety_stock_alpha"],"fullName":"applyScenarioOverridesToPayload: safety_stock_alpha alpha=0 leaves p50 unchanged","status":"passed","title":"alpha=0 leaves p50 unchanged","duration":0.12387499999999818,"failureMessages":[],"meta":{}},{"ancestorTitles":["applyScenarioOverridesToPayload: safety_stock_alpha"],"fullName":"applyScenarioOverridesToPayload: safety_stock_alpha alpha=0.5 applies partial uplift","status":"passed","title":"alpha=0.5 applies partial uplift","duration":0.10149999999998727,"failureMessages":[],"meta":{}},{"ancestorTitles":["applyScenarioOverridesToPayload: safety_stock_alpha"],"fullName":"applyScenarioOverridesToPayload: safety_stock_alpha uses p50 as fallback when p90 is absent","status":"passed","title":"uses p50 as fallback when p90 is absent","duration":0.1415829999999687,"failureMessages":[],"meta":{}},{"ancestorTitles":["applyScenarioOverridesToPayload: safety_stock_alpha"],"fullName":"applyScenarioOverridesToPayload: safety_stock_alpha does not decrease p50 (uplift is always >= 0)","status":"passed","title":"does not decrease p50 (uplift is always >= 0)","duration":0.09550000000001546,"failureMessages":[],"meta":{}},{"ancestorTitles":["applyScenarioOverridesToPayload: safety_stock_alpha"],"fullName":"applyScenarioOverridesToPayload: safety_stock_alpha ignores null safety_stock_alpha","status":"passed","title":"ignores null safety_stock_alpha","duration":0.0858330000000933,"failureMessages":[],"meta":{}},{"ancestorTitles":["applyScenarioOverridesToPayload: expedite_mode"],"fullName":"applyScenarioOverridesToPayload: expedite_mode reduces lead_time_days by lead_time_buffer_days when expedite_mode='on'","status":"passed","title":"reduces lead_time_days by lead_time_buffer_days when expedite_mode='on'","duration":0.2154170000000022,"failureMessages":[],"meta":{}},{"ancestorTitles":["applyScenarioOverridesToPayload: expedite_mode"],"fullName":"applyScenarioOverridesToPayload: expedite_mode uses default buffer of 3 days when lead_time_buffer_days not specified","status":"passed","title":"uses default buffer of 3 days when lead_time_buffer_days not specified","duration":0.10824999999999818,"failureMessages":[],"meta":{}},{"ancestorTitles":["applyScenarioOverridesToPayload: expedite_mode"],"fullName":"applyScenarioOverridesToPayload: expedite_mode enforces minimum lead_time_days of 1","status":"passed","title":"enforces minimum lead_time_days of 1","duration":0.10479099999997743,"failureMessages":[],"meta":{}},{"ancestorTitles":["applyScenarioOverridesToPayload: expedite_mode"],"fullName":"applyScenarioOverridesToPayload: expedite_mode does not reduce lead_time when expedite_mode='off'","status":"passed","title":"does not reduce lead_time when expedite_mode='off'","duration":0.0755420000000413,"failureMessages":[],"meta":{}},{"ancestorTitles":["applyScenarioOverridesToPayload: expedite_mode"],"fullName":"applyScenarioOverridesToPayload: expedite_mode adds expedite_cost_per_unit to objective when > 0","status":"passed","title":"adds expedite_cost_per_unit to objective when > 0","duration":0.11987499999997908,"failureMessages":[],"meta":{}},{"ancestorTitles":["applyScenarioOverridesToPayload: expedite_mode"],"fullName":"applyScenarioOverridesToPayload: expedite_mode does not add expedite_cost_per_unit when cost is 0","status":"passed","title":"does not add expedite_cost_per_unit when cost is 0","duration":0.10316699999998491,"failureMessages":[],"meta":{}},{"ancestorTitles":["applyScenarioOverridesToPayload: budget_cap + service_target"],"fullName":"applyScenarioOverridesToPayload: budget_cap + service_target echoes budget_cap in effectiveParams","status":"passed","title":"echoes budget_cap in effectiveParams","duration":0.0827919999999267,"failureMessages":[],"meta":{}},{"ancestorTitles":["applyScenarioOverridesToPayload: budget_cap + service_target"],"fullName":"applyScenarioOverridesToPayload: budget_cap + service_target echoes service_target as service_level_target in effectiveParams","status":"passed","title":"echoes service_target as service_level_target in effectiveParams","duration":0.10045800000000327,"failureMessages":[],"meta":{}},{"ancestorTitles":["applyScenarioOverridesToPayload: budget_cap + service_target"],"fullName":"applyScenarioOverridesToPayload: budget_cap + service_target ignores null budget_cap","status":"passed","title":"ignores null budget_cap","duration":0.08458299999995234,"failureMessages":[],"meta":{}},{"ancestorTitles":["applyScenarioOverridesToPayload: edge cases"],"fullName":"applyScenarioOverridesToPayload: edge cases returns empty effectiveParams for empty overrides","status":"passed","title":"returns empty effectiveParams for empty overrides","duration":0.83624999999995,"failureMessages":[],"meta":{}},{"ancestorTitles":["applyScenarioOverridesToPayload: edge cases"],"fullName":"applyScenarioOverridesToPayload: edge cases handles null payload gracefully","status":"passed","title":"handles null payload gracefully","duration":0.5815000000000055,"failureMessages":[],"meta":{}},{"ancestorTitles":["applyScenarioOverridesToPayload: edge cases"],"fullName":"applyScenarioOverridesToPayload: edge cases handles null overrides gracefully","status":"passed","title":"handles null overrides gracefully","duration":0.09229100000004564,"failureMessages":[],"meta":{}},{"ancestorTitles":["applyScenarioOverridesToPayload: edge cases"],"fullName":"applyScenarioOverridesToPayload: edge cases does not add keys to effectiveParams for unapplied overrides","status":"passed","title":"does not add keys to effectiveParams for unapplied overrides","duration":0.5269160000000284,"failureMessages":[],"meta":{}},{"ancestorTitles":["applyScenarioOverridesToPayload: edge cases"],"fullName":"applyScenarioOverridesToPayload: edge cases all overrides applied together produce correct compound result","status":"passed","title":"all overrides applied together produce correct compound result","duration":0.27520800000002055,"failureMessages":[],"meta":{}}],"startTime":1771713029909,"endTime":1771713029916.5269,"status":"passed","message":"","name":"/Users/xuweijin/Decision-Intelligence-/src/utils/applyScenarioOverrides.test.js"},{"assertionResults":[{"ancestorTitles":["buildDecisionNarrative: OPTIMAL"],"fullName":"buildDecisionNarrative: OPTIMAL returns expected version","status":"passed","title":"returns expected version","duration":1.9012910000000147,"failureMessages":[],"meta":{}},{"ancestorTitles":["buildDecisionNarrative: OPTIMAL"],"fullName":"buildDecisionNarrative: OPTIMAL situation includes service level and delta","status":"passed","title":"situation includes service level and delta","duration":25.82404200000002,"failureMessages":[],"meta":{}},{"ancestorTitles":["buildDecisionNarrative: OPTIMAL"],"fullName":"buildDecisionNarrative: OPTIMAL driver uses cost driver when there are no binding constraints","status":"passed","title":"driver uses cost driver when there are no binding constraints","duration":0.21570900000000393,"failureMessages":[],"meta":{}},{"ancestorTitles":["buildDecisionNarrative: OPTIMAL"],"fullName":"buildDecisionNarrative: OPTIMAL recommendation is approve_plan when service level is good","status":"passed","title":"recommendation is approve_plan when service level is good","duration":0.15387500000002774,"failureMessages":[],"meta":{}},{"ancestorTitles":["buildDecisionNarrative: OPTIMAL"],"fullName":"buildDecisionNarrative: OPTIMAL requires_approval is false for healthy plans","status":"passed","title":"requires_approval is false for healthy plans","duration":0.14079199999997627,"failureMessages":[],"meta":{}},{"ancestorTitles":["buildDecisionNarrative: INFEASIBLE"],"fullName":"buildDecisionNarrative: INFEASIBLE returns infeasibility situation and driver","status":"passed","title":"returns infeasibility situation and driver","duration":0.16200000000003456,"failureMessages":[],"meta":{}},{"ancestorTitles":["buildDecisionNarrative: INFEASIBLE"],"fullName":"buildDecisionNarrative: INFEASIBLE requires_approval is true when INFEASIBLE","status":"passed","title":"requires_approval is true when INFEASIBLE","duration":0.07041699999996354,"failureMessages":[],"meta":{}},{"ancestorTitles":["buildDecisionNarrative: INFEASIBLE"],"fullName":"buildDecisionNarrative: INFEASIBLE recommendation points to negotiation option when available","status":"passed","title":"recommendation points to negotiation option when available","duration":0.09620899999998755,"failureMessages":[],"meta":{}},{"ancestorTitles":["buildDecisionNarrative: binding constraints"],"fullName":"buildDecisionNarrative: binding constraints reports budget_cap as primary binding constraint","status":"passed","title":"reports budget_cap as primary binding constraint","duration":0.1732499999999959,"failureMessages":[],"meta":{}},{"ancestorTitles":["buildDecisionNarrative: binding constraints"],"fullName":"buildDecisionNarrative: binding constraints sorts constraint_binding_summary by priority","status":"passed","title":"sorts constraint_binding_summary by priority","duration":0.170708999999988,"failureMessages":[],"meta":{}},{"ancestorTitles":["buildDecisionNarrative: binding constraints"],"fullName":"buildDecisionNarrative: binding constraints produces marginal_impact for binding budget_cap","status":"passed","title":"produces marginal_impact for binding budget_cap","duration":0.20199999999999818,"failureMessages":[],"meta":{}},{"ancestorTitles":["buildDecisionNarrative: poor service level"],"fullName":"buildDecisionNarrative: poor service level recommends improve_service_level when SL < 90%","status":"passed","title":"recommends improve_service_level when SL < 90%","duration":0.118458999999973,"failureMessages":[],"meta":{}},{"ancestorTitles":["buildDecisionNarrative: poor service level"],"fullName":"buildDecisionNarrative: poor service level requires approval when SL < 80%","status":"passed","title":"requires approval when SL < 80%","duration":0.102958000000001,"failureMessages":[],"meta":{}},{"ancestorTitles":["buildDecisionNarrative: trade_offs"],"fullName":"buildDecisionNarrative: trade_offs maps negotiation_options into trade_offs (max 4)","status":"passed","title":"maps negotiation_options into trade_offs (max 4)","duration":0.2078339999999912,"failureMessages":[],"meta":{}},{"ancestorTitles":["buildDecisionNarrative: evidence refs"],"fullName":"buildDecisionNarrative: evidence refs all evidence refs are non-empty strings","status":"passed","title":"all evidence refs are non-empty strings","duration":0.2204590000000053,"failureMessages":[],"meta":{}},{"ancestorTitles":["buildDecisionNarrative: determinism"],"fullName":"buildDecisionNarrative: determinism same input yields same output when generatedAt fixed","status":"passed","title":"same input yields same output when generatedAt fixed","duration":0.5316250000000196,"failureMessages":[],"meta":{}},{"ancestorTitles":["buildDecisionNarrative: requires_approval"],"fullName":"buildDecisionNarrative: requires_approval INFEASIBLE => true","status":"passed","title":"INFEASIBLE => true","duration":0.06533300000000963,"failureMessages":[],"meta":{}},{"ancestorTitles":["buildDecisionNarrative: requires_approval"],"fullName":"buildDecisionNarrative: requires_approval SL < 80% => true","status":"passed","title":"SL < 80% => true","duration":0.07700000000005502,"failureMessages":[],"meta":{}},{"ancestorTitles":["buildDecisionNarrative: requires_approval"],"fullName":"buildDecisionNarrative: requires_approval SL >= 95% => false","status":"passed","title":"SL >= 95% => false","duration":0.086166999999989,"failureMessages":[],"meta":{}},{"ancestorTitles":["buildDecisionNarrative: summary_text"],"fullName":"buildDecisionNarrative: summary_text summary_text concatenates situation + driver + recommendation","status":"passed","title":"summary_text concatenates situation + driver + recommendation","duration":0.10545799999999872,"failureMessages":[],"meta":{}},{"ancestorTitles":["buildDecisionNarrativeFromPlanResult"],"fullName":"buildDecisionNarrativeFromPlanResult extracts fields from planResult shape","status":"passed","title":"extracts fields from planResult shape","duration":0.16583300000002055,"failureMessages":[],"meta":{}}],"startTime":1771713029325,"endTime":1771713029356.1658,"status":"passed","message":"","name":"/Users/xuweijin/Decision-Intelligence-/src/utils/buildDecisionNarrative.test.js"},{"assertionResults":[{"ancestorTitles":["extractRunKpis"],"fullName":"extractRunKpis extracts fields from replay_metrics.with_plan","status":"passed","title":"extracts fields from replay_metrics.with_plan","duration":1.3296249999998508,"failureMessages":[],"meta":{}},{"ancestorTitles":["extractRunKpis"],"fullName":"extractRunKpis returns null for missing fields","status":"passed","title":"returns null for missing fields","duration":0.27112499999998363,"failureMessages":[],"meta":{}},{"ancestorTitles":["extractRunKpis"],"fullName":"extractRunKpis returns null for null inputs","status":"passed","title":"returns null for null inputs","duration":0.24225000000001273,"failureMessages":[],"meta":{}},{"ancestorTitles":["extractRunKpis"],"fullName":"extractRunKpis converts numeric strings to numbers","status":"passed","title":"converts numeric strings to numbers","duration":0.18641700000011951,"failureMessages":[],"meta":{}},{"ancestorTitles":["computeTopChanges"],"fullName":"computeTopChanges returns empty array when both inputs are empty","status":"passed","title":"returns empty array when both inputs are empty","duration":0.36945799999989504,"failureMessages":[],"meta":{}},{"ancestorTitles":["computeTopChanges"],"fullName":"computeTopChanges produces correct delta for a single SKU change","status":"passed","title":"produces correct delta for a single SKU change","duration":0.49774999999999636,"failureMessages":[],"meta":{}},{"ancestorTitles":["computeTopChanges"],"fullName":"computeTopChanges skips negligible changes (|delta| < 0.001)","status":"passed","title":"skips negligible changes (|delta| < 0.001)","duration":0.10050000000001091,"failureMessages":[],"meta":{}},{"ancestorTitles":["computeTopChanges"],"fullName":"computeTopChanges sorts results by |delta| descending","status":"passed","title":"sorts results by |delta| descending","duration":0.11433400000009897,"failureMessages":[],"meta":{}},{"ancestorTitles":["computeTopChanges"],"fullName":"computeTopChanges handles SKUs present in scenario but not in base (new orders)","status":"passed","title":"handles SKUs present in scenario but not in base (new orders)","duration":0.1199579999999969,"failureMessages":[],"meta":{}},{"ancestorTitles":["computeTopChanges"],"fullName":"computeTopChanges handles SKUs present in base but not in scenario (eliminated orders)","status":"passed","title":"handles SKUs present in base but not in scenario (eliminated orders)","duration":0.12541699999997036,"failureMessages":[],"meta":{}},{"ancestorTitles":["computeTopChanges"],"fullName":"computeTopChanges aggregates multiple dates for the same sku+plant_id","status":"passed","title":"aggregates multiple dates for the same sku+plant_id","duration":0.11349999999993088,"failureMessages":[],"meta":{}},{"ancestorTitles":["computeTopChanges"],"fullName":"computeTopChanges limits output to 20 changes","status":"passed","title":"limits output to 20 changes","duration":0.15916700000002493,"failureMessages":[],"meta":{}},{"ancestorTitles":["computeTopChanges"],"fullName":"computeTopChanges includes pct_delta when base is non-zero","status":"passed","title":"includes pct_delta when base is non-zero","duration":0.0650829999999587,"failureMessages":[],"meta":{}},{"ancestorTitles":["buildNotes"],"fullName":"buildNotes generates budget_cap note when present","status":"passed","title":"generates budget_cap note when present","duration":0.08983299999999872,"failureMessages":[],"meta":{}},{"ancestorTitles":["buildNotes"],"fullName":"buildNotes generates service_target note with percentage","status":"passed","title":"generates service_target note with percentage","duration":0.04587499999979627,"failureMessages":[],"meta":{}},{"ancestorTitles":["buildNotes"],"fullName":"buildNotes generates expedite_mode note with buffer days","status":"passed","title":"generates expedite_mode note with buffer days","duration":0.03587500000003274,"failureMessages":[],"meta":{}},{"ancestorTitles":["buildNotes"],"fullName":"buildNotes generates risk_mode note","status":"passed","title":"generates risk_mode note","duration":0.03520800000001145,"failureMessages":[],"meta":{}},{"ancestorTitles":["buildNotes"],"fullName":"buildNotes generates service level delta note","status":"passed","title":"generates service level delta note","duration":0.03658299999983683,"failureMessages":[],"meta":{}},{"ancestorTitles":["buildNotes"],"fullName":"buildNotes generates stockout units delta note","status":"passed","title":"generates stockout units delta note","duration":0.033666999999923064,"failureMessages":[],"meta":{}},{"ancestorTitles":["buildNotes"],"fullName":"buildNotes returns empty array for empty inputs","status":"passed","title":"returns empty array for empty inputs","duration":0.03354100000001381,"failureMessages":[],"meta":{}},{"ancestorTitles":["buildScenarioComparison"],"fullName":"buildScenarioComparison returns the correct schema shape","status":"passed","title":"returns the correct schema shape","duration":0.44325000000003456,"failureMessages":[],"meta":{}},{"ancestorTitles":["buildScenarioComparison"],"fullName":"buildScenarioComparison computes KPI deltas correctly","status":"passed","title":"computes KPI deltas correctly","duration":0.08666700000003402,"failureMessages":[],"meta":{}},{"ancestorTitles":["buildScenarioComparison"],"fullName":"buildScenarioComparison populates top_changes from plan table rows","status":"passed","title":"populates top_changes from plan table rows","duration":0.13187500000003638,"failureMessages":[],"meta":{}},{"ancestorTitles":["buildScenarioComparison"],"fullName":"buildScenarioComparison generates notes that include override context","status":"passed","title":"generates notes that include override context","duration":0.07345799999984592,"failureMessages":[],"meta":{}},{"ancestorTitles":["buildScenarioComparison"],"fullName":"buildScenarioComparison handles missing artifacts gracefully (null inputs)","status":"passed","title":"handles missing artifacts gracefully (null inputs)","duration":0.06316700000002129,"failureMessages":[],"meta":{}},{"ancestorTitles":["buildScenarioComparison"],"fullName":"buildScenarioComparison is deterministic for the same inputs (idempotent)","status":"passed","title":"is deterministic for the same inputs (idempotent)","duration":0.07683399999996254,"failureMessages":[],"meta":{}}],"startTime":1771713030015,"endTime":1771713030020.1318,"status":"passed","message":"","name":"/Users/xuweijin/Decision-Intelligence-/src/utils/buildScenarioComparison.test.js"},{"assertionResults":[{"ancestorTitles":["normalizeKey"],"fullName":"normalizeKey trim + upper","status":"passed","title":"trim + upper","duration":1.0769169999998667,"failureMessages":[],"meta":{}},{"ancestorTitles":["aggregateComponentDemandToDaily"],"fullName":"aggregateComponentDemandToDaily 空陣列回傳空物件","status":"passed","title":"空陣列回傳空物件","duration":0.7173749999999472,"failureMessages":[],"meta":{}},{"ancestorTitles":["aggregateComponentDemandToDaily"],"fullName":"aggregateComponentDemandToDaily 單一 (material, plant) 多 bucket 加總後除以 horizon 天數","status":"passed","title":"單一 (material, plant) 多 bucket 加總後除以 horizon 天數","duration":1.0068750000000364,"failureMessages":[],"meta":{}},{"ancestorTitles":["aggregateComponentDemandToDaily"],"fullName":"aggregateComponentDemandToDaily 多個 (material, plant) 分別彙總","status":"passed","title":"多個 (material, plant) 分別彙總","duration":0.3360419999999067,"failureMessages":[],"meta":{}},{"ancestorTitles":["aggregateComponentDemandToDaily"],"fullName":"aggregateComponentDemandToDaily 料號/工廠會正規化為大寫","status":"passed","title":"料號/工廠會正規化為大寫","duration":0.19645799999989322,"failureMessages":[],"meta":{}},{"ancestorTitles":["aggregateComponentDemandToDaily"],"fullName":"aggregateComponentDemandToDaily options.timeBuckets 決定 horizon 長度（run 參數推導）","status":"passed","title":"options.timeBuckets 決定 horizon 長度（run 參數推導）","duration":0.1882079999998041,"failureMessages":[],"meta":{}},{"ancestorTitles":["aggregateComponentDemandToDaily"],"fullName":"aggregateComponentDemandToDaily 不同 horizonBuckets 導致 dailyDemand 等比變化","status":"passed","title":"不同 horizonBuckets 導致 dailyDemand 等比變化","duration":0.17370899999991707,"failureMessages":[],"meta":{}},{"ancestorTitles":["aggregateComponentDemandToDaily"],"fullName":"aggregateComponentDemandToDaily 缺 timeBuckets 時從 rows 的 unique time_bucket 數 fallback","status":"passed","title":"缺 timeBuckets 時從 rows 的 unique time_bucket 數 fallback","duration":0.2006669999998394,"failureMessages":[],"meta":{}}],"startTime":1771713030135,"endTime":1771713030139.2007,"status":"passed","message":"","name":"/Users/xuweijin/Decision-Intelligence-/src/utils/componentDemandAggregator.test.js"},{"assertionResults":[{"ancestorTitles":["constraintChecker"],"fullName":"constraintChecker flags MOQ and pack size violations deterministically","status":"passed","title":"flags MOQ and pack size violations deterministically","duration":0.9113339999998971,"failureMessages":[],"meta":{}},{"ancestorTitles":["constraintChecker"],"fullName":"constraintChecker passes when rows satisfy hard rules","status":"passed","title":"passes when rows satisfy hard rules","duration":0.4423340000000735,"failureMessages":[],"meta":{}}],"startTime":1771713030245,"endTime":1771713030246.4424,"status":"passed","message":"","name":"/Users/xuweijin/Decision-Intelligence-/src/utils/constraintChecker.test.js"},{"assertionResults":[{"ancestorTitles":["datasetFingerprint"],"fullName":"datasetFingerprint buildSheetsPayload limits sample rows to 25","status":"passed","title":"buildSheetsPayload limits sample rows to 25","duration":0.9877920000001268,"failureMessages":[],"meta":{}},{"ancestorTitles":["datasetFingerprint"],"fullName":"datasetFingerprint fingerprint is deterministic for same sheet shape","status":"passed","title":"fingerprint is deterministic for same sheet shape","duration":0.2732499999999618,"failureMessages":[],"meta":{}},{"ancestorTitles":["datasetFingerprint"],"fullName":"datasetFingerprint fingerprint changes when schema shape changes","status":"passed","title":"fingerprint changes when schema shape changes","duration":0.3526249999999891,"failureMessages":[],"meta":{}}],"startTime":1771713030214,"endTime":1771713030215.3525,"status":"passed","message":"","name":"/Users/xuweijin/Decision-Intelligence-/src/utils/datasetFingerprint.test.js"},{"assertionResults":[{"ancestorTitles":["datasetSimilarity"],"fullName":"datasetSimilarity builds stable signatures from profile + contract","status":"passed","title":"builds stable signatures from profile + contract","duration":1.8393750000000182,"failureMessages":[],"meta":{}},{"ancestorTitles":["datasetSimilarity"],"fullName":"datasetSimilarity returns high similarity for close signatures","status":"passed","title":"returns high similarity for close signatures","duration":0.26062500000000455,"failureMessages":[],"meta":{}}],"startTime":1771713029516,"endTime":1771713029518.2607,"status":"passed","message":"","name":"/Users/xuweijin/Decision-Intelligence-/src/utils/datasetSimilarity.test.js"},{"assertionResults":[{"ancestorTitles":["deterministicMapping"],"fullName":"deterministicMapping builds deterministic exact-match mapping for clean demand headers","status":"passed","title":"builds deterministic exact-match mapping for clean demand headers","duration":1.501207999999906,"failureMessages":[],"meta":{}},{"ancestorTitles":["deterministicMapping"],"fullName":"deterministicMapping keeps exact-match targets authoritative when merged with fallback mapping","status":"passed","title":"keeps exact-match targets authoritative when merged with fallback mapping","duration":0.7058750000001055,"failureMessages":[],"meta":{}}],"startTime":1771713030117,"endTime":1771713030119.7058,"status":"passed","message":"","name":"/Users/xuweijin/Decision-Intelligence-/src/utils/deterministicMapping.test.js"},{"assertionResults":[{"ancestorTitles":["M5 mapping compatibility"],"fullName":"M5 mapping compatibility classifies M5-style weekly demand data as demand_fg","status":"passed","title":"classifies M5-style weekly demand data as demand_fg","duration":2.1071249999999964,"failureMessages":[],"meta":{}},{"ancestorTitles":["M5 mapping compatibility"],"fullName":"M5 mapping compatibility builds complete required-field mapping for demand_fg from M5 headers","status":"passed","title":"builds complete required-field mapping for demand_fg from M5 headers","duration":1.9661660000000438,"failureMessages":[],"meta":{}}],"startTime":1771713029871,"endTime":1771713029874.966,"status":"passed","message":"","name":"/Users/xuweijin/Decision-Intelligence-/src/utils/m5MappingCompatibility.test.js"},{"assertionResults":[{"ancestorTitles":["proofFormatter"],"fullName":"proofFormatter translates known tags into business labels","status":"passed","title":"translates known tags into business labels","duration":1.3172919999999522,"failureMessages":[],"meta":{}},{"ancestorTitles":["proofFormatter"],"fullName":"proofFormatter extracts binding constraints by passed/binding flags","status":"passed","title":"extracts binding constraints by passed/binding flags","duration":0.6587920000000622,"failureMessages":[],"meta":{}},{"ancestorTitles":["proofFormatter"],"fullName":"proofFormatter formats objective terms with currency for cost-like fields","status":"passed","title":"formats objective terms with currency for cost-like fields","duration":0.3057089999999789,"failureMessages":[],"meta":{}},{"ancestorTitles":["proofFormatter"],"fullName":"proofFormatter builds a proof block with cost, constraints, and suggestions","status":"passed","title":"builds a proof block with cost, constraints, and suggestions","duration":0.2546670000000404,"failureMessages":[],"meta":{}},{"ancestorTitles":["proofFormatter"],"fullName":"proofFormatter detects budget/capacity binding shortcuts","status":"passed","title":"detects budget/capacity binding shortcuts","duration":0.1175829999999678,"failureMessages":[],"meta":{}}],"startTime":1771713029905,"endTime":1771713029908.2546,"status":"passed","message":"","name":"/Users/xuweijin/Decision-Intelligence-/src/utils/proofFormatter.test.js"},{"assertionResults":[{"ancestorTitles":["SlidingWindowLimiter"],"fullName":"SlidingWindowLimiter allows requests under the limit","status":"passed","title":"allows requests under the limit","duration":1.117416999999989,"failureMessages":[],"meta":{}},{"ancestorTitles":["SlidingWindowLimiter"],"fullName":"SlidingWindowLimiter denies requests at the per-minute limit","status":"passed","title":"denies requests at the per-minute limit","duration":0.17137500000001182,"failureMessages":[],"meta":{}},{"ancestorTitles":["SlidingWindowLimiter"],"fullName":"SlidingWindowLimiter denies requests at the per-day limit","status":"passed","title":"denies requests at the per-day limit","duration":1.611582999999996,"failureMessages":[],"meta":{}},{"ancestorTitles":["SlidingWindowLimiter"],"fullName":"SlidingWindowLimiter allows requests after the minute window slides","status":"passed","title":"allows requests after the minute window slides","duration":0.7132919999999672,"failureMessages":[],"meta":{}},{"ancestorTitles":["SlidingWindowLimiter"],"fullName":"SlidingWindowLimiter getStatus returns correct remaining counts","status":"passed","title":"getStatus returns correct remaining counts","duration":0.7546659999999861,"failureMessages":[],"meta":{}},{"ancestorTitles":["SlidingWindowLimiter"],"fullName":"SlidingWindowLimiter reset clears all timestamps","status":"passed","title":"reset clears all timestamps","duration":0.08387499999997772,"failureMessages":[],"meta":{}},{"ancestorTitles":["acquireOrThrow"],"fullName":"acquireOrThrow does not throw under the limit","status":"passed","title":"does not throw under the limit","duration":0.35700000000002774,"failureMessages":[],"meta":{}},{"ancestorTitles":["acquireOrThrow"],"fullName":"acquireOrThrow throws RateLimitError with Chinese message when per-minute limit exceeded","status":"passed","title":"throws RateLimitError with Chinese message when per-minute limit exceeded","duration":0.42799999999999727,"failureMessages":[],"meta":{}},{"ancestorTitles":["acquireOrThrow"],"fullName":"acquireOrThrow throws for per-day limit with correct label","status":"passed","title":"throws for per-day limit with correct label","duration":6.923167000000035,"failureMessages":[],"meta":{}},{"ancestorTitles":["getRateLimiter"],"fullName":"getRateLimiter returns same instance for same bucket","status":"passed","title":"returns same instance for same bucket","duration":0.09216599999990649,"failureMessages":[],"meta":{}},{"ancestorTitles":["getRateLimiter"],"fullName":"getRateLimiter returns different instances for different buckets","status":"passed","title":"returns different instances for different buckets","duration":0.16591700000003584,"failureMessages":[],"meta":{}},{"ancestorTitles":["getRateLimiter"],"fullName":"getRateLimiter throws for unknown bucket","status":"passed","title":"throws for unknown bucket","duration":0.10383300000000872,"failureMessages":[],"meta":{}},{"ancestorTitles":["resetAllLimiters"],"fullName":"resetAllLimiters clears all limiter state","status":"passed","title":"clears all limiter state","duration":0.09720900000002075,"failureMessages":[],"meta":{}}],"startTime":1771713029479,"endTime":1771713029492.166,"status":"passed","message":"","name":"/Users/xuweijin/Decision-Intelligence-/src/utils/rateLimiter.test.js"},{"assertionResults":[{"ancestorTitles":["replaySimulator"],"fullName":"replaySimulator is deterministic and computes service-level proxy","status":"passed","title":"is deterministic and computes service-level proxy","duration":2.809541000000081,"failureMessages":[],"meta":{}},{"ancestorTitles":["replaySimulator"],"fullName":"replaySimulator shows lower fill rate without replenishment","status":"passed","title":"shows lower fill rate without replenishment","duration":0.3758339999999407,"failureMessages":[],"meta":{}}],"startTime":1771713030162,"endTime":1771713030165.3757,"status":"passed","message":"","name":"/Users/xuweijin/Decision-Intelligence-/src/utils/replaySimulator.test.js"},{"assertionResults":[{"ancestorTitles":["requiredMappingStatus"],"fullName":"requiredMappingStatus returns full coverage when all required fields are mapped to existing columns","status":"passed","title":"returns full coverage when all required fields are mapped to existing columns","duration":1.0944170000000213,"failureMessages":[],"meta":{}},{"ancestorTitles":["requiredMappingStatus"],"fullName":"requiredMappingStatus returns zero coverage when mapping is empty","status":"passed","title":"returns zero coverage when mapping is empty","duration":0.1432910000000902,"failureMessages":[],"meta":{}},{"ancestorTitles":["requiredMappingStatus"],"fullName":"requiredMappingStatus normalizes target->source mappings and validates source-column namespace","status":"passed","title":"normalizes target->source mappings and validates source-column namespace","duration":0.15762499999982538,"failureMessages":[],"meta":{}}],"startTime":1771713030226,"endTime":1771713030227.1577,"status":"passed","message":"","name":"/Users/xuweijin/Decision-Intelligence-/src/utils/requiredMappingStatus.test.js"},{"assertionResults":[{"ancestorTitles":["reusePlanner"],"fullName":"reusePlanner auto-applies exact fingerprint template when coverage is complete","status":"passed","title":"auto-applies exact fingerprint template when coverage is complete","duration":1.4863330000000587,"failureMessages":[],"meta":{}}],"startTime":1771713030006,"endTime":1771713030007.4863,"status":"passed","message":"","name":"/Users/xuweijin/Decision-Intelligence-/src/utils/reusePlanner.test.js"},{"assertionResults":[{"ancestorTitles":["stableStringify"],"fullName":"stableStringify serializes primitive values","status":"passed","title":"serializes primitive values","duration":0.6209999999999809,"failureMessages":[],"meta":{}},{"ancestorTitles":["stableStringify"],"fullName":"stableStringify sorts object keys alphabetically","status":"passed","title":"sorts object keys alphabetically","duration":0.08537499999999909,"failureMessages":[],"meta":{}},{"ancestorTitles":["stableStringify"],"fullName":"stableStringify is deterministic for nested objects","status":"passed","title":"is deterministic for nested objects","duration":0.07179099999996197,"failureMessages":[],"meta":{}},{"ancestorTitles":["stableStringify"],"fullName":"stableStringify preserves array order","status":"passed","title":"preserves array order","duration":0.29816600000003746,"failureMessages":[],"meta":{}},{"ancestorTitles":["stableStringify"],"fullName":"stableStringify produces null for Infinity and NaN","status":"passed","title":"produces null for Infinity and NaN","duration":0.07779199999993125,"failureMessages":[],"meta":{}},{"ancestorTitles":["stableStringify"],"fullName":"stableStringify omits undefined values from objects","status":"passed","title":"omits undefined values from objects","duration":0.10199999999997544,"failureMessages":[],"meta":{}},{"ancestorTitles":["canonicalizeOverrides"],"fullName":"canonicalizeOverrides drops null values","status":"passed","title":"drops null values","duration":0.31083399999999983,"failureMessages":[],"meta":{}},{"ancestorTitles":["canonicalizeOverrides"],"fullName":"canonicalizeOverrides drops unknown keys","status":"passed","title":"drops unknown keys","duration":0.077083000000016,"failureMessages":[],"meta":{}},{"ancestorTitles":["canonicalizeOverrides"],"fullName":"canonicalizeOverrides returns empty object for empty/null input","status":"passed","title":"returns empty object for empty/null input","duration":0.13274999999998727,"failureMessages":[],"meta":{}},{"ancestorTitles":["canonicalizeOverrides"],"fullName":"canonicalizeOverrides preserves valid toggle values (on/off)","status":"passed","title":"preserves valid toggle values (on/off)","duration":0.07687499999997272,"failureMessages":[],"meta":{}},{"ancestorTitles":["computeScenarioKeySync: key-order independence"],"fullName":"computeScenarioKeySync: key-order independence produces the same key regardless of override key order","status":"passed","title":"produces the same key regardless of override key order","duration":0.14741700000001856,"failureMessages":[],"meta":{}},{"ancestorTitles":["computeScenarioKeySync: key-order independence"],"fullName":"computeScenarioKeySync: key-order independence is stable for same inputs (repeated calls)","status":"passed","title":"is stable for same inputs (repeated calls)","duration":0.07712499999990996,"failureMessages":[],"meta":{}},{"ancestorTitles":["computeScenarioKeySync: different inputs → different keys"],"fullName":"computeScenarioKeySync: different inputs → different keys produces different keys for different base_run_ids","status":"passed","title":"produces different keys for different base_run_ids","duration":0.07358299999998508,"failureMessages":[],"meta":{}},{"ancestorTitles":["computeScenarioKeySync: different inputs → different keys"],"fullName":"computeScenarioKeySync: different inputs → different keys produces different keys for different overrides","status":"passed","title":"produces different keys for different overrides","duration":0.09220800000002782,"failureMessages":[],"meta":{}},{"ancestorTitles":["computeScenarioKeySync: different inputs → different keys"],"fullName":"computeScenarioKeySync: different inputs → different keys produces different keys for different engine_flags","status":"passed","title":"produces different keys for different engine_flags","duration":0.08816600000000108,"failureMessages":[],"meta":{}},{"ancestorTitles":["computeScenarioKeySync: null == missing override"],"fullName":"computeScenarioKeySync: null == missing override treats { budget_cap: null } the same as {}","status":"passed","title":"treats { budget_cap: null } the same as {}","duration":0.051375000000007276,"failureMessages":[],"meta":{}},{"ancestorTitles":["computeScenarioKeySync: null == missing override"],"fullName":"computeScenarioKeySync: null == missing override treats partially null overrides consistently","status":"passed","title":"treats partially null overrides consistently","duration":0.056874999999990905,"failureMessages":[],"meta":{}}],"startTime":1771713029918,"endTime":1771713029921.0923,"status":"passed","message":"","name":"/Users/xuweijin/Decision-Intelligence-/src/utils/scenarioKey.test.js"},{"assertionResults":[{"ancestorTitles":["sendAgentLog"],"fullName":"sendAgentLog does NOT call fetch when DEV is false","status":"passed","title":"does NOT call fetch when DEV is false","duration":30.22891599999997,"failureMessages":[],"meta":{}},{"ancestorTitles":["sendAgentLog"],"fullName":"sendAgentLog does NOT call fetch when DEV is true but VITE_AGENT_LOG_ENDPOINT is missing","status":"passed","title":"does NOT call fetch when DEV is true but VITE_AGENT_LOG_ENDPOINT is missing","duration":0.30391700000001265,"failureMessages":[],"meta":{}},{"ancestorTitles":["sendAgentLog"],"fullName":"sendAgentLog calls fetch once when DEV is true and VITE_AGENT_LOG_ENDPOINT is set","status":"passed","title":"calls fetch once when DEV is true and VITE_AGENT_LOG_ENDPOINT is set","duration":0.9031669999999963,"failureMessages":[],"meta":{}},{"ancestorTitles":["sendAgentLog"],"fullName":"sendAgentLog never throws even if fetch rejects","status":"passed","title":"never throws even if fetch rejects","duration":0.8814580000000092,"failureMessages":[],"meta":{}}],"startTime":1771713029344,"endTime":1771713029376.8813,"status":"passed","message":"","name":"/Users/xuweijin/Decision-Intelligence-/src/utils/sendAgentLog.test.js"},{"assertionResults":[{"ancestorTitles":["timeColumnDetection"],"fullName":"timeColumnDetection picks valid date column and returns 2025-2026 range for clean demand-like rows","status":"passed","title":"picks valid date column and returns 2025-2026 range for clean demand-like rows","duration":1.5247910000000502,"failureMessages":[],"meta":{}},{"ancestorTitles":["timeColumnDetection"],"fullName":"timeColumnDetection does not infer unrealistic time column from non-date numeric fields","status":"passed","title":"does not infer unrealistic time column from non-date numeric fields","duration":0.13870799999995143,"failureMessages":[],"meta":{}}],"startTime":1771713030217,"endTime":1771713030219.1387,"status":"passed","message":"","name":"/Users/xuweijin/Decision-Intelligence-/src/utils/timeColumnDetection.test.js"},{"assertionResults":[{"ancestorTitles":["AI Export Workbook handler"],"fullName":"AI Export Workbook handler sends run_id, focus, and fallback data in the payload","status":"passed","title":"sends run_id, focus, and fallback data in the payload","duration":3.5325410000000375,"failureMessages":[],"meta":{}},{"ancestorTitles":["AI Export Workbook handler"],"fullName":"AI Export Workbook handler falls back gracefully on fetch failure","status":"passed","title":"falls back gracefully on fetch failure","duration":0.48091699999986304,"failureMessages":[],"meta":{}},{"ancestorTitles":["AI Export Workbook handler"],"fullName":"AI Export Workbook handler downloads blob on successful response","status":"passed","title":"downloads blob on successful response","duration":0.6445420000000013,"failureMessages":[],"meta":{}},{"ancestorTitles":["AI Export Workbook handler"],"fullName":"AI Export Workbook handler filters out binary downloads from payload","status":"passed","title":"filters out binary downloads from payload","duration":0.4572920000000522,"failureMessages":[],"meta":{}}],"startTime":1771713030057,"endTime":1771713030062.4573,"status":"passed","message":"","name":"/Users/xuweijin/Decision-Intelligence-/src/components/chat/aiExportWorkbook.test.js"},{"assertionResults":[{"ancestorTitles":["RiskCard — rendering"],"fullName":"RiskCard — rendering renders material code","status":"passed","title":"renders material code","duration":35.90279199999998,"failureMessages":[],"meta":{}},{"ancestorTitles":["RiskCard — rendering"],"fullName":"RiskCard — rendering renders plant name","status":"passed","title":"renders plant name","duration":4.442999999999984,"failureMessages":[],"meta":{}},{"ancestorTitles":["RiskCard — rendering"],"fullName":"RiskCard — rendering renders description","status":"passed","title":"renders description","duration":16.916166999999973,"failureMessages":[],"meta":{}},{"ancestorTitles":["RiskCard — rendering"],"fullName":"RiskCard — rendering shows Critical status badge","status":"passed","title":"shows Critical status badge","duration":11.95799999999997,"failureMessages":[],"meta":{}},{"ancestorTitles":["RiskCard — rendering"],"fullName":"RiskCard — rendering shows Warning status badge for warning risk","status":"passed","title":"shows Warning status badge for warning risk","duration":8.357624999999985,"failureMessages":[],"meta":{}},{"ancestorTitles":["RiskCard — rendering"],"fullName":"RiskCard — rendering shows OK status badge for ok risk","status":"passed","title":"shows OK status badge for ok risk","duration":2.6891250000001037,"failureMessages":[],"meta":{}},{"ancestorTitles":["RiskCard — rendering"],"fullName":"RiskCard — rendering displays profit at risk formatted as currency","status":"passed","title":"displays profit at risk formatted as currency","duration":2.5745410000000675,"failureMessages":[],"meta":{}},{"ancestorTitles":["RiskCard — rendering"],"fullName":"RiskCard — rendering displays days to stockout","status":"passed","title":"displays days to stockout","duration":2.4357499999999845,"failureMessages":[],"meta":{}},{"ancestorTitles":["RiskCard — rendering"],"fullName":"RiskCard — rendering shows Stockout label when daysToStockout is 0","status":"passed","title":"shows Stockout label when daysToStockout is 0","duration":2.1253330000000688,"failureMessages":[],"meta":{}},{"ancestorTitles":["RiskCard — rendering"],"fullName":"RiskCard — rendering shows dash when daysToStockout is null","status":"passed","title":"shows dash when daysToStockout is null","duration":3.972833000000037,"failureMessages":[],"meta":{}},{"ancestorTitles":["RiskCard — rendering"],"fullName":"RiskCard — rendering shows gap quantity when > 0","status":"passed","title":"shows gap quantity when > 0","duration":2.563333000000057,"failureMessages":[],"meta":{}},{"ancestorTitles":["RiskCard — rendering"],"fullName":"RiskCard — rendering renders Simulate Expedite button","status":"passed","title":"renders Simulate Expedite button","duration":2.33562500000005,"failureMessages":[],"meta":{}},{"ancestorTitles":["RiskCard — rendering"],"fullName":"RiskCard — rendering renders Substitutes button","status":"passed","title":"renders Substitutes button","duration":2.156082999999967,"failureMessages":[],"meta":{}},{"ancestorTitles":["RiskCard — rendering"],"fullName":"RiskCard — rendering hides expedite button when canExpedite is false","status":"passed","title":"hides expedite button when canExpedite is false","duration":2.1254169999999704,"failureMessages":[],"meta":{}},{"ancestorTitles":["RiskCard — interactions"],"fullName":"RiskCard — interactions calls onClick when card body is clicked","status":"passed","title":"calls onClick when card body is clicked","duration":110.24995799999999,"failureMessages":[],"meta":{}},{"ancestorTitles":["RiskCard — interactions"],"fullName":"RiskCard — interactions calls onExpedite when expedite button is clicked","status":"passed","title":"calls onExpedite when expedite button is clicked","duration":44.43070799999987,"failureMessages":[],"meta":{}},{"ancestorTitles":["RiskCard — interactions"],"fullName":"RiskCard — interactions calls onSubstitute when substitute button is clicked","status":"passed","title":"calls onSubstitute when substitute button is clicked","duration":17.68204199999991,"failureMessages":[],"meta":{}},{"ancestorTitles":["RiskCard — interactions"],"fullName":"RiskCard — interactions does not call onClick when a button is clicked","status":"passed","title":"does not call onClick when a button is clicked","duration":28.9889169999999,"failureMessages":[],"meta":{}},{"ancestorTitles":["RiskCard — interactions"],"fullName":"RiskCard — interactions applies ring class when selected","status":"passed","title":"applies ring class when selected","duration":11.245832999999948,"failureMessages":[],"meta":{}}],"startTime":1771713029879,"endTime":1771713030192.2458,"status":"passed","message":"","name":"/Users/xuweijin/Decision-Intelligence-/src/components/risk/RiskCard.test.jsx"},{"assertionResults":[{"ancestorTitles":["Badge"],"fullName":"Badge renders children text","status":"passed","title":"renders children text","duration":16.68020899999999,"failureMessages":[],"meta":{}},{"ancestorTitles":["Badge"],"fullName":"Badge renders with default info type","status":"passed","title":"renders with default info type","duration":1.2715420000000677,"failureMessages":[],"meta":{}},{"ancestorTitles":["Badge"],"fullName":"Badge renders success type","status":"passed","title":"renders success type","duration":0.9075419999999212,"failureMessages":[],"meta":{}},{"ancestorTitles":["Badge"],"fullName":"Badge renders warning type","status":"passed","title":"renders warning type","duration":0.8155419999999367,"failureMessages":[],"meta":{}},{"ancestorTitles":["Badge"],"fullName":"Badge renders danger type","status":"passed","title":"renders danger type","duration":0.8276669999999058,"failureMessages":[],"meta":{}},{"ancestorTitles":["Badge"],"fullName":"Badge renders as a span element","status":"passed","title":"renders as a span element","duration":0.7556660000000193,"failureMessages":[],"meta":{}},{"ancestorTitles":["Badge"],"fullName":"Badge has rounded-full and text-xs classes","status":"passed","title":"has rounded-full and text-xs classes","duration":0.6056250000000318,"failureMessages":[],"meta":{}}],"startTime":1771713029782,"endTime":1771713029803.6057,"status":"passed","message":"","name":"/Users/xuweijin/Decision-Intelligence-/src/components/ui/Badge.test.jsx"},{"assertionResults":[{"ancestorTitles":["Utility Functions","roundTo"],"fullName":"Utility Functions roundTo 應該正確四捨五入到指定小數位數","status":"passed","title":"應該正確四捨五入到指定小數位數","duration":0.5930419999999685,"failureMessages":[],"meta":{}},{"ancestorTitles":["Utility Functions","roundTo"],"fullName":"Utility Functions roundTo 預設應該四捨五入到 4 位小數","status":"passed","title":"預設應該四捨五入到 4 位小數","duration":0.06825000000003456,"failureMessages":[],"meta":{}},{"ancestorTitles":["Utility Functions","roundTo"],"fullName":"Utility Functions roundTo 應該拋出錯誤：非數字輸入","status":"passed","title":"應該拋出錯誤：非數字輸入","duration":0.4487909999999147,"failureMessages":[],"meta":{}},{"ancestorTitles":["Utility Functions","roundTo"],"fullName":"Utility Functions roundTo 應該正確處理零和負數","status":"passed","title":"應該正確處理零和負數","duration":0.07362499999999272,"failureMessages":[],"meta":{}},{"ancestorTitles":["Utility Functions","getAggregationKey & parseAggregationKey"],"fullName":"Utility Functions getAggregationKey & parseAggregationKey 應該正確生成和解析聚合 key","status":"passed","title":"應該正確生成和解析聚合 key","duration":0.3507919999999558,"failureMessages":[],"meta":{}},{"ancestorTitles":["Utility Functions","getAggregationKey & parseAggregationKey"],"fullName":"Utility Functions getAggregationKey & parseAggregationKey 應該拋出錯誤：缺少必要欄位","status":"passed","title":"應該拋出錯誤：缺少必要欄位","duration":0.21391700000003766,"failureMessages":[],"meta":{}},{"ancestorTitles":["Utility Functions","timeBucketToDate"],"fullName":"Utility Functions timeBucketToDate 應該正確解析 YYYY-MM-DD 格式","status":"passed","title":"應該正確解析 YYYY-MM-DD 格式","duration":0.22870799999998326,"failureMessages":[],"meta":{}},{"ancestorTitles":["Utility Functions","timeBucketToDate"],"fullName":"Utility Functions timeBucketToDate 應該正確解析 YYYY-W## 格式","status":"passed","title":"應該正確解析 YYYY-W## 格式","duration":0.1084170000000313,"failureMessages":[],"meta":{}},{"ancestorTitles":["Utility Functions","timeBucketToDate"],"fullName":"Utility Functions timeBucketToDate 無法解析的格式應該返回 null","status":"passed","title":"無法解析的格式應該返回 null","duration":0.10050000000001091,"failureMessages":[],"meta":{}},{"ancestorTitles":["Core Calculation Functions","calculateComponentRequirement"],"fullName":"Core Calculation Functions calculateComponentRequirement 基本計算：無報廢無良率損失","status":"passed","title":"基本計算：無報廢無良率損失","duration":0.11470799999995052,"failureMessages":[],"meta":{}},{"ancestorTitles":["Core Calculation Functions","calculateComponentRequirement"],"fullName":"Core Calculation Functions calculateComponentRequirement 考慮報廢率：5% 報廢","status":"passed","title":"考慮報廢率：5% 報廢","duration":0.044417000000066764,"failureMessages":[],"meta":{}},{"ancestorTitles":["Core Calculation Functions","calculateComponentRequirement"],"fullName":"Core Calculation Functions calculateComponentRequirement 考慮良率：95% 良率","status":"passed","title":"考慮良率：95% 良率","duration":0.040541999999959444,"failureMessages":[],"meta":{}},{"ancestorTitles":["Core Calculation Functions","calculateComponentRequirement"],"fullName":"Core Calculation Functions calculateComponentRequirement 同時考慮報廢率和良率","status":"passed","title":"同時考慮報廢率和良率","duration":0.03833399999996345,"failureMessages":[],"meta":{}},{"ancestorTitles":["Core Calculation Functions","calculateComponentRequirement"],"fullName":"Core Calculation Functions calculateComponentRequirement Edge Case: qtyPer 為 0 應該返回 0","status":"passed","title":"Edge Case: qtyPer 為 0 應該返回 0","duration":0.03429200000005039,"failureMessages":[],"meta":{}},{"ancestorTitles":["Core Calculation Functions","calculateComponentRequirement"],"fullName":"Core Calculation Functions calculateComponentRequirement Edge Case: parentQty 為 0 應該返回 0","status":"passed","title":"Edge Case: parentQty 為 0 應該返回 0","duration":0.034667000000013104,"failureMessages":[],"meta":{}},{"ancestorTitles":["Core Calculation Functions","calculateComponentRequirement"],"fullName":"Core Calculation Functions calculateComponentRequirement Edge Case: parentQty 為 null/undefined 應該返回 0","status":"passed","title":"Edge Case: parentQty 為 null/undefined 應該返回 0","duration":0.0599170000000413,"failureMessages":[],"meta":{}},{"ancestorTitles":["Core Calculation Functions","calculateComponentRequirement"],"fullName":"Core Calculation Functions calculateComponentRequirement Edge Case: 報廢率為 0（預設值）","status":"passed","title":"Edge Case: 報廢率為 0（預設值）","duration":0.035124999999993634,"failureMessages":[],"meta":{}},{"ancestorTitles":["Core Calculation Functions","calculateComponentRequirement"],"fullName":"Core Calculation Functions calculateComponentRequirement Edge Case: 接近極限報廢率 0.98 應該正常計算","status":"passed","title":"Edge Case: 接近極限報廢率 0.98 應該正常計算","duration":0.03358300000002146,"failureMessages":[],"meta":{}},{"ancestorTitles":["Core Calculation Functions","calculateComponentRequirement"],"fullName":"Core Calculation Functions calculateComponentRequirement Edge Case: 極小良率 0.01 應該正常計算","status":"passed","title":"Edge Case: 極小良率 0.01 應該正常計算","duration":0.03691600000001927,"failureMessages":[],"meta":{}},{"ancestorTitles":["Core Calculation Functions","calculateComponentRequirement"],"fullName":"Core Calculation Functions calculateComponentRequirement 應該拋出錯誤：負數父件數量","status":"passed","title":"應該拋出錯誤：負數父件數量","duration":0.08512499999994816,"failureMessages":[],"meta":{}},{"ancestorTitles":["Core Calculation Functions","calculateComponentRequirement"],"fullName":"Core Calculation Functions calculateComponentRequirement 應該拋出錯誤：負數 qtyPer","status":"passed","title":"應該拋出錯誤：負數 qtyPer","duration":0.06883300000004056,"failureMessages":[],"meta":{}},{"ancestorTitles":["Core Calculation Functions","calculateComponentRequirement"],"fullName":"Core Calculation Functions calculateComponentRequirement 應該拋出錯誤：報廢率 >= 1（防止除以零）","status":"passed","title":"應該拋出錯誤：報廢率 >= 1（防止除以零）","duration":0.19099999999991724,"failureMessages":[],"meta":{}},{"ancestorTitles":["Core Calculation Functions","calculateComponentRequirement"],"fullName":"Core Calculation Functions calculateComponentRequirement 應該拋出錯誤：負數報廢率","status":"passed","title":"應該拋出錯誤：負數報廢率","duration":0.07762500000001182,"failureMessages":[],"meta":{}},{"ancestorTitles":["Core Calculation Functions","calculateComponentRequirement"],"fullName":"Core Calculation Functions calculateComponentRequirement 應該拋出錯誤：良率 <= 0（防止除以零）","status":"passed","title":"應該拋出錯誤：良率 <= 0（防止除以零）","duration":0.12295800000003965,"failureMessages":[],"meta":{}},{"ancestorTitles":["Core Calculation Functions","calculateComponentRequirement"],"fullName":"Core Calculation Functions calculateComponentRequirement 應該拋出錯誤：良率 > 1","status":"passed","title":"應該拋出錯誤：良率 > 1","duration":0.0621249999999236,"failureMessages":[],"meta":{}},{"ancestorTitles":["Core Calculation Functions","calculateComponentRequirement"],"fullName":"Core Calculation Functions calculateComponentRequirement 應該拋出錯誤：非數字輸入","status":"passed","title":"應該拋出錯誤：非數字輸入","duration":0.13020800000003874,"failureMessages":[],"meta":{}},{"ancestorTitles":["Core Calculation Functions","aggregateByComponent"],"fullName":"Core Calculation Functions aggregateByComponent 應該正確彙總相同零件的需求","status":"passed","title":"應該正確彙總相同零件的需求","duration":0.1437500000000682,"failureMessages":[],"meta":{}},{"ancestorTitles":["Core Calculation Functions","aggregateByComponent"],"fullName":"Core Calculation Functions aggregateByComponent 應該區分不同工廠的相同零件","status":"passed","title":"應該區分不同工廠的相同零件","duration":0.0656659999999647,"failureMessages":[],"meta":{}},{"ancestorTitles":["Core Calculation Functions","aggregateByComponent"],"fullName":"Core Calculation Functions aggregateByComponent 空陣列應該返回空 Map","status":"passed","title":"空陣列應該返回空 Map","duration":0.03433299999994688,"failureMessages":[],"meta":{}},{"ancestorTitles":["Core Calculation Functions","aggregateByComponent"],"fullName":"Core Calculation Functions aggregateByComponent Edge Case: demand_qty 為 0 應該正常處理","status":"passed","title":"Edge Case: demand_qty 為 0 應該正常處理","duration":0.03933299999994233,"failureMessages":[],"meta":{}},{"ancestorTitles":["Core Calculation Functions","aggregateByComponent"],"fullName":"Core Calculation Functions aggregateByComponent Edge Case: 缺少必要欄位應該跳過","status":"passed","title":"Edge Case: 缺少必要欄位應該跳過","duration":0.0837500000000091,"failureMessages":[],"meta":{}},{"ancestorTitles":["Core Calculation Functions","aggregateByComponent"],"fullName":"Core Calculation Functions aggregateByComponent Edge Case: 缺少必要欄位應該記錄到 errors 陣列","status":"passed","title":"Edge Case: 缺少必要欄位應該記錄到 errors 陣列","duration":0.579915999999912,"failureMessages":[],"meta":{}},{"ancestorTitles":["Core Calculation Functions","aggregateByComponent"],"fullName":"Core Calculation Functions aggregateByComponent Edge Case: 非法數量應該跳過","status":"passed","title":"Edge Case: 非法數量應該跳過","duration":0.0784160000000611,"failureMessages":[],"meta":{}},{"ancestorTitles":["Core Calculation Functions","aggregateByComponent"],"fullName":"Core Calculation Functions aggregateByComponent Edge Case: 非法數量應該記錄到 errors 陣列","status":"passed","title":"Edge Case: 非法數量應該記錄到 errors 陣列","duration":0.24587499999995543,"failureMes
[...]
rns true when settings.closed_loop = true","status":"passed","title":"returns true when settings.closed_loop = true","duration":0.06287499999996271,"failureMessages":[],"meta":{}},{"ancestorTitles":["runClosedLoop"],"fullName":"runClosedLoop T-CR1: feature flag disabled → NOT_ENABLED","status":"passed","title":"T-CR1: feature flag disabled → NOT_ENABLED","duration":0.43316700000002584,"failureMessages":[],"meta":{}},{"ancestorTitles":["runClosedLoop"],"fullName":"runClosedLoop T-CR2: no trigger fired → NO_TRIGGER","status":"passed","title":"T-CR2: no trigger fired → NO_TRIGGER","duration":0.4211250000000746,"failureMessages":[],"meta":{}},{"ancestorTitles":["runClosedLoop"],"fullName":"runClosedLoop T-CR3: trigger + dry_run → TRIGGERED_DRY_RUN, no plan call","status":"passed","title":"T-CR3: trigger + dry_run → TRIGGERED_DRY_RUN, no plan call","duration":0.7774999999999181,"failureMessages":[],"meta":{}},{"ancestorTitles":["runClosedLoop"],"fullName":"runClosedLoop T-CR4: trigger + auto_run → calls planRunner, returns RERUN_COMPLETED","status":"passed","title":"T-CR4: trigger + auto_run → calls planRunner, returns RERUN_COMPLETED","duration":0.3161249999999427,"failureMessages":[],"meta":{}},{"ancestorTitles":["runClosedLoop"],"fullName":"runClosedLoop T-CR5: error during plan submission → ERROR","status":"passed","title":"T-CR5: error during plan submission → ERROR","duration":0.2610829999999851,"failureMessages":[],"meta":{}},{"ancestorTitles":["runClosedLoop"],"fullName":"runClosedLoop T-CR6: audit record persisted correctly in store","status":"passed","title":"T-CR6: audit record persisted correctly in store","duration":0.41029100000002927,"failureMessages":[],"meta":{}},{"ancestorTitles":["runClosedLoop"],"fullName":"runClosedLoop T-CR7: cooldown prevents second trigger","status":"passed","title":"T-CR7: cooldown prevents second trigger","duration":0.17191700000000765,"failureMessages":[],"meta":{}},{"ancestorTitles":["runClosedLoop"],"fullName":"runClosedLoop T-CR8: manual_approve mode returns requires_approval","status":"passed","title":"T-CR8: manual_approve mode returns requires_approval","duration":0.12833399999999529,"failureMessages":[],"meta":{}},{"ancestorTitles":["runClosedLoop"],"fullName":"runClosedLoop persists artifact via injected artifactSaver","status":"passed","title":"persists artifact via injected artifactSaver","duration":0.33062500000005457,"failureMessages":[],"meta":{}},{"ancestorTitles":["runClosedLoop"],"fullName":"runClosedLoop handles artifact save failure gracefully","status":"passed","title":"handles artifact save failure gracefully","duration":1.4264159999999038,"failureMessages":[],"meta":{}}],"startTime":1771713029945,"endTime":1771713029952.4265,"status":"passed","message":"","name":"/Users/xuweijin/Decision-Intelligence-/src/services/closed_loop/closedLoopRunner.test.js"},{"assertionResults":[{"ancestorTitles":["ClosedLoopStore"],"fullName":"ClosedLoopStore T-ST1: create a run and retrieve by ID","status":"passed","title":"T-ST1: create a run and retrieve by ID","duration":2.0800830000000587,"failureMessages":[],"meta":{}},{"ancestorTitles":["ClosedLoopStore"],"fullName":"ClosedLoopStore T-ST1b: getRun returns null for unknown ID","status":"passed","title":"T-ST1b: getRun returns null for unknown ID","duration":0.09320900000000165,"failureMessages":[],"meta":{}},{"ancestorTitles":["ClosedLoopStore"],"fullName":"ClosedLoopStore T-ST2: update a run status","status":"passed","title":"T-ST2: update a run status","duration":0.15470800000002782,"failureMessages":[],"meta":{}},{"ancestorTitles":["ClosedLoopStore"],"fullName":"ClosedLoopStore T-ST2b: updateRun returns null for unknown ID","status":"passed","title":"T-ST2b: updateRun returns null for unknown ID","duration":0.06958400000007714,"failureMessages":[],"meta":{}},{"ancestorTitles":["ClosedLoopStore"],"fullName":"ClosedLoopStore T-ST3: get latest run by dataset","status":"passed","title":"T-ST3: get latest run by dataset","duration":0.5429579999999987,"failureMessages":[],"meta":{}},{"ancestorTitles":["ClosedLoopStore"],"fullName":"ClosedLoopStore T-ST3b: getLatestRun returns null for empty dataset","status":"passed","title":"T-ST3b: getLatestRun returns null for empty dataset","duration":0.06408299999998235,"failureMessages":[],"meta":{}},{"ancestorTitles":["ClosedLoopStore"],"fullName":"ClosedLoopStore T-ST4: purge old runs","status":"passed","title":"T-ST4: purge old runs","duration":0.11479099999996834,"failureMessages":[],"meta":{}},{"ancestorTitles":["ClosedLoopStore"],"fullName":"ClosedLoopStore clear removes all runs","status":"passed","title":"clear removes all runs","duration":0.14762499999994816,"failureMessages":[],"meta":{}},{"ancestorTitles":["ClosedLoopStore"],"fullName":"ClosedLoopStore dump returns all runs","status":"passed","title":"dump returns all runs","duration":0.11295799999993505,"failureMessages":[],"meta":{}},{"ancestorTitles":["ClosedLoopStore"],"fullName":"ClosedLoopStore returns immutable copies (no mutation through returned objects)","status":"passed","title":"returns immutable copies (no mutation through returned objects)","duration":0.06624999999996817,"failureMessages":[],"meta":{}},{"ancestorTitles":["ClosedLoopStore"],"fullName":"ClosedLoopStore getRunsByDataset respects limit","status":"passed","title":"getRunsByDataset respects limit","duration":0.09079200000007859,"failureMessages":[],"meta":{}}],"startTime":1771713029782,"endTime":1771713029786.113,"status":"passed","message":"","name":"/Users/xuweijin/Decision-Intelligence-/src/services/closed_loop/closedLoopStore.test.js"},{"assertionResults":[{"ancestorTitles":["derivePlanningParams"],"fullName":"derivePlanningParams T-FP1: calibrated forecast with good coverage uses alpha=0.5","status":"passed","title":"T-FP1: calibrated forecast with good coverage uses alpha=0.5","duration":2.557708000000048,"failureMessages":[],"meta":{}},{"ancestorTitles":["derivePlanningParams"],"fullName":"derivePlanningParams T-FP2: uncalibrated forecast uses alpha=0.8","status":"passed","title":"T-FP2: uncalibrated forecast uses alpha=0.8","duration":0.4262079999998605,"failureMessages":[],"meta":{}},{"ancestorTitles":["derivePlanningParams"],"fullName":"derivePlanningParams T-FP3: wide uncertainty (coverage > upper_band) uses alpha=1.0","status":"passed","title":"T-FP3: wide uncertainty (coverage > upper_band) uses alpha=1.0","duration":0.35583299999984774,"failureMessages":[],"meta":{}},{"ancestorTitles":["derivePlanningParams"],"fullName":"derivePlanningParams T-FP4: uncertainty widened vs previous increases stockout_penalty","status":"passed","title":"T-FP4: uncertainty widened vs previous increases stockout_penalty","duration":0.5141670000000431,"failureMessages":[],"meta":{}},{"ancestorTitles":["derivePlanningParams"],"fullName":"derivePlanningParams T-FP4b: stable uncertainty does not increase stockout_penalty","status":"passed","title":"T-FP4b: stable uncertainty does not increase stockout_penalty","duration":0.2745840000000044,"failureMessages":[],"meta":{}},{"ancestorTitles":["derivePlanningParams"],"fullName":"derivePlanningParams T-FP5: high-risk supplier adds lead_time_buffer","status":"passed","title":"T-FP5: high-risk supplier adds lead_time_buffer","duration":0.3187920000000304,"failureMessages":[],"meta":{}},{"ancestorTitles":["derivePlanningParams"],"fullName":"derivePlanningParams T-FP5b: low-risk supplier does not add lead_time_buffer","status":"passed","title":"T-FP5b: low-risk supplier does not add lead_time_buffer","duration":0.9399590000000444,"failureMessages":[],"meta":{}},{"ancestorTitles":["derivePlanningParams"],"fullName":"derivePlanningParams T-FP6: per-SKU safety stock correctly computed","status":"passed","title":"T-FP6: per-SKU safety stock correctly computed","duration":0.27412500000014006,"failureMessages":[],"meta":{}},{"ancestorTitles":["derivePlanningParams"],"fullName":"derivePlanningParams T-FP7: determinism — identical inputs produce identical output","status":"passed","title":"T-FP7: determinism — identical inputs produce identical output","duration":0.9669169999999667,"failureMessages":[],"meta":{}},{"ancestorTitles":["derivePlanningParams"],"fullName":"derivePlanningParams T-FP8: config overrides respected","status":"passed","title":"T-FP8: config overrides respected","duration":0.23529200000007222,"failureMessages":[],"meta":{}},{"ancestorTitles":["derivePlanningParams"],"fullName":"derivePlanningParams T-FP9: graceful degradation when calibrationMeta is null","status":"passed","title":"T-FP9: graceful degradation when calibrationMeta is null","duration":0.25612500000011096,"failureMessages":[],"meta":{}},{"ancestorTitles":["derivePlanningParams"],"fullName":"derivePlanningParams T-FP9b: graceful degradation with empty object calibrationMeta","status":"passed","title":"T-FP9b: graceful degradation with empty object calibrationMeta","duration":0.12137499999994361,"failureMessages":[],"meta":{}},{"ancestorTitles":["derivePlanningParams"],"fullName":"derivePlanningParams returns correct structure with version and generated_at","status":"passed","title":"returns correct structure with version and generated_at","duration":0.4217909999999847,"failureMessages":[],"meta":{}},{"ancestorTitles":["derivePlanningParams"],"fullName":"derivePlanningParams handles empty forecast series","status":"passed","title":"handles empty forecast series","duration":0.18141700000001038,"failureMessages":[],"meta":{}},{"ancestorTitles":["derivePlanningParams"],"fullName":"derivePlanningParams handles missing forecastBundle","status":"passed","title":"handles missing forecastBundle","duration":0.19062499999995453,"failureMessages":[],"meta":{}},{"ancestorTitles":["aggregateUncertaintyWidth"],"fullName":"aggregateUncertaintyWidth computes sum of (p90 - p10) across all points","status":"passed","title":"computes sum of (p90 - p10) across all points","duration":0.09408299999995506,"failureMessages":[],"meta":{}},{"ancestorTitles":["aggregateUncertaintyWidth"],"fullName":"aggregateUncertaintyWidth returns 0 for empty series","status":"passed","title":"returns 0 for empty series","duration":0.0938340000000153,"failureMessages":[],"meta":{}},{"ancestorTitles":["aggregateP50"],"fullName":"aggregateP50 computes sum of p50 across all points","status":"passed","title":"computes sum of p50 across all points","duration":0.13841699999989032,"failureMessages":[],"meta":{}},{"ancestorTitles":["aggregateP50"],"fullName":"aggregateP50 returns 0 for empty series","status":"passed","title":"returns 0 for empty series","duration":0.06550000000015643,"failureMessages":[],"meta":{}}],"startTime":1771713030107,"endTime":1771713030116.1384,"status":"passed","message":"","name":"/Users/xuweijin/Decision-Intelligence-/src/services/closed_loop/forecastToPlanParams.test.js"},{"assertionResults":[{"ancestorTitles":["evaluateTriggers"],"fullName":"evaluateTriggers T-TE1: stable forecast with good calibration → no trigger","status":"passed","title":"T-TE1: stable forecast with good calibration → no trigger","duration":2.7395830000000387,"failureMessages":[],"meta":{}},{"ancestorTitles":["evaluateTriggers"],"fullName":"evaluateTriggers T-TE2: coverage below lower band → trigger fires","status":"passed","title":"T-TE2: coverage below lower band → trigger fires","duration":0.20370799999994915,"failureMessages":[],"meta":{}},{"ancestorTitles":["evaluateTriggers"],"fullName":"evaluateTriggers T-TE3: coverage above upper band → trigger fires","status":"passed","title":"T-TE3: coverage above upper band → trigger fires","duration":0.11904200000003584,"failureMessages":[],"meta":{}},{"ancestorTitles":["evaluateTriggers"],"fullName":"evaluateTriggers T-TE4: uncertainty widens beyond threshold → trigger fires","status":"passed","title":"T-TE4: uncertainty widens beyond threshold → trigger fires","duration":0.13870900000000574,"failureMessages":[],"meta":{}},{"ancestorTitles":["evaluateTriggers"],"fullName":"evaluateTriggers T-TE5: P50 shifts beyond threshold → trigger fires","status":"passed","title":"T-TE5: P50 shifts beyond threshold → trigger fires","duration":0.12233400000002348,"failureMessages":[],"meta":{}},{"ancestorTitles":["evaluateTriggers"],"fullName":"evaluateTriggers T-TE6: risk severity crosses threshold → trigger fires","status":"passed","title":"T-TE6: risk severity crosses threshold → trigger fires","duration":0.10612500000002001,"failureMessages":[],"meta":{}},{"ancestorTitles":["evaluateTriggers"],"fullName":"evaluateTriggers T-TE7: multiple triggers fire simultaneously","status":"passed","title":"T-TE7: multiple triggers fire simultaneously","duration":0.31237499999997453,"failureMessages":[],"meta":{}},{"ancestorTitles":["evaluateTriggers"],"fullName":"evaluateTriggers T-TE8: cooldown active → trigger suppressed","status":"passed","title":"T-TE8: cooldown active → trigger suppressed","duration":0.1689169999999649,"failureMessages":[],"meta":{}},{"ancestorTitles":["evaluateTriggers"],"fullName":"evaluateTriggers T-TE9: cooldown expired → trigger fires normally","status":"passed","title":"T-TE9: cooldown expired → trigger fires normally","duration":10.732875000000035,"failureMessages":[],"meta":{}},{"ancestorTitles":["evaluateTriggers"],"fullName":"evaluateTriggers T-TE10: dedupe key format is correct","status":"passed","title":"T-TE10: dedupe key format is correct","duration":0.15912499999996044,"failureMessages":[],"meta":{}},{"ancestorTitles":["evaluateTriggers"],"fullName":"evaluateTriggers returns correct structure when no triggers fire","status":"passed","title":"returns correct structure when no triggers fire","duration":0.14208300000001373,"failureMessages":[],"meta":{}},{"ancestorTitles":["evaluateTriggers"],"fullName":"evaluateTriggers skips coverage check when calibrationMeta is null","status":"passed","title":"skips coverage check when calibrationMeta is null","duration":0.09195800000003373,"failureMessages":[],"meta":{}},{"ancestorTitles":["evaluateTriggers"],"fullName":"evaluateTriggers skips uncertainty/p50 checks when no previous forecast","status":"passed","title":"skips uncertainty/p50 checks when no previous forecast","duration":0.06620900000001484,"failureMessages":[],"meta":{}},{"ancestorTitles":["createCooldownManager"],"fullName":"createCooldownManager check returns inactive for unknown key","status":"passed","title":"check returns inactive for unknown key","duration":0.1507909999999697,"failureMessages":[],"meta":{}},{"ancestorTitles":["createCooldownManager"],"fullName":"createCooldownManager record + check returns active","status":"passed","title":"record + check returns active","duration":0.059916999999984455,"failureMessages":[],"meta":{}},{"ancestorTitles":["createCooldownManager"],"fullName":"createCooldownManager reset clears specific key","status":"passed","title":"reset clears specific key","duration":0.05725000000001046,"failureMessages":[],"meta":{}},{"ancestorTitles":["createCooldownManager"],"fullName":"createCooldownManager reset with no args clears all","status":"passed","title":"reset with no args clears all","duration":0.04466700000000401,"failureMessages":[],"meta":{}},{"ancestorTitles":["createCooldownManager"],"fullName":"createCooldownManager dump returns active entries","status":"passed","title":"dump returns active entries","duration":0.08412500000002865,"failureMessages":[],"meta":{}},{"ancestorTitles":["createCooldownManager"],"fullName":"createCooldownManager respects max_cooldown_ms cap","status":"passed","title":"respects max_cooldown_ms cap","duration":0.06629100000003518,"failureMessages":[],"meta":{}}],"startTime":1771713029352,"endTime":1771713029368.151,"status":"passed","message":"","name":"/Users/xuweijin/Decision-Intelligence-/src/services/closed_loop/triggerEngine.test.js"},{"assertionResults":[{"ancestorTitles":["buildTopologyGraph deterministic identity"],"fullName":"buildTopologyGraph deterministic identity builds stable node IDs by entity key rules","status":"passed","title":"builds stable node IDs by entity key rules","duration":1.4681249999999864,"failureMessages":[],"meta":{}},{"ancestorTitles":["buildTopologyGraph deterministic identity"],"fullName":"buildTopologyGraph deterministic identity creates stable settings hash for same scope/fingerprint","status":"passed","title":"creates stable settings hash for same scope/fingerprint","duration":1.4105829999999742,"failureMessages":[],"meta":{}},{"ancestorTitles":["buildTopologyGraph ordering"],"fullName":"buildTopologyGraph ordering returns stable node/edge ordering for the same graph semantics","status":"passed","title":"returns stable node/edge ordering for the same graph semantics","duration":3.257791999999995,"failureMessages":[],"meta":{}},{"ancestorTitles":["buildTopologyGraph aggregation"],"fullName":"buildTopologyGraph aggregation collapses graph deterministically when node/edge limits are exceeded","status":"passed","title":"collapses graph deterministically when node/edge limits are exceeded","duration":8.894624999999962,"failureMessages":[],"meta":{}},{"ancestorTitles":["buildTopologyGraph overlays"],"fullName":"buildTopologyGraph overlays merges risk and bottlenecks overlays without breaking base graph structure","status":"passed","title":"merges risk and bottlenecks overlays without breaking base graph structure","duration":2.783208000000002,"failureMessages":[],"meta":{}}],"startTime":1771713029344,"endTime":1771713029361.7832,"status":"passed","message":"","name":"/Users/xuweijin/Decision-Intelligence-/src/services/topology/buildTopologyGraph.test.js"},{"assertionResults":[{"ancestorTitles":["quantile"],"fullName":"quantile returns median for odd-length arrays","status":"passed","title":"returns median for odd-length arrays","duration":1.2339160000001357,"failureMessages":[],"meta":{}},{"ancestorTitles":["quantile"],"fullName":"quantile returns interpolated median for even-length arrays","status":"passed","title":"returns interpolated median for even-length arrays","duration":0.14895900000010442,"failureMessages":[],"meta":{}},{"ancestorTitles":["quantile"],"fullName":"quantile returns expected value for q=0.9","status":"passed","title":"returns expected value for q=0.9","duration":0.18562500000007276,"failureMessages":[],"meta":{}},{"ancestorTitles":["quantile"],"fullName":"quantile throws for empty arrays","status":"passed","title":"throws for empty arrays","duration":1.2229580000000624,"failureMessages":[],"meta":{}}],"startTime":1771713030018,"endTime":1771713030021.223,"status":"passed","message":"","name":"/Users/xuweijin/Decision-Intelligence-/src/utils/stats/quantile.test.js"},{"assertionResults":[{"ancestorTitles":["buildActualVsForecastSeries"],"fullName":"buildActualVsForecastSeries keeps future actuals as null while forecast continues","status":"passed","title":"keeps future actuals as null while forecast continues","duration":1.7668750000000273,"failureMessages":[],"meta":{}},{"ancestorTitles":["buildActualVsForecastSeries"],"fullName":"buildActualVsForecastSeries keeps missing forecast as null (no zero imputation)","status":"passed","title":"keeps missing forecast as null (no zero imputation)","duration":0.4707499999999527,"failureMessages":[],"meta":{}},{"ancestorTitles":["buildActualVsForecastSeries"],"fullName":"buildActualVsForecastSeries handles optional lower/upper without crashing","status":"passed","title":"handles optional lower/upper without crashing","duration":0.2937089999999216,"failureMessages":[],"meta":{}},{"ancestorTitles":["buildActualVsForecastSeries"],"fullName":"buildActualVsForecastSeries uses p50 as forecast alias when p50 exists but forecast is missing","status":"passed","title":"uses p50 as forecast alias when p50 exists but forecast is missing","duration":0.09916699999996581,"failureMessages":[],"meta":{}}],"startTime":1771713029653,"endTime":1771713029656.2937,"status":"passed","message":"","name":"/Users/xuweijin/Decision-Intelligence-/src/utils/charts/buildActualVsForecastSeries.test.js"}]}