{"numTotalTestSuites":2,"numPassedTestSuites":2,"numFailedTestSuites":0,"numPendingTestSuites":0,"numTotalTests":3,"numPassedTests":3,"numFailedTests":0,"numPendingTests":0,"numTodoTests":0,"snapshot":{"added":0,"failure":false,"filesAdded":0,"filesRemoved":0,"filesRemovedList":[],"filesUnmatched":0,"filesUpdated":0,"matched":0,"total":0,"unchecked":0,"uncheckedKeysByFile":[],"unmatched":0,"updated":0,"didUpdate":false},"startTime":1772769237942,"success":true,"testResults":[{"assertionResults":[{"ancestorTitles":["DecisionSupportView"],"fullName":"DecisionSupportView renders without crashing","status":"passed","title":"renders without crashing","duration":29.932791999999836,"failureMessages":[],"meta":{}},{"ancestorTitles":["DecisionSupportView"],"fullName":"DecisionSupportView shows empty state when no conversation is selected","status":"passed","title":"shows empty state when no conversation is selected","duration":15.765875000000051,"failureMessages":[],"meta":{}},{"ancestorTitles":["DecisionSupportView"],"fullName":"DecisionSupportView renders the new chat button","status":"passed","title":"renders the new chat button","duration":40.29962499999988,"failureMessages":[],"meta":{}}],"startTime":1772769239452,"endTime":1772769239538.2996,"status":"passed","message":"","name":"/Users/xuweijin/Decision-Intelligence-/src/views/DecisionSupportView/DecisionSupportView.test.jsx"}]}